39.0 APEX_CODE,DEBUG;APEX_PROFILING,NONE;CALLOUT,NONE;DB,NONE;SYSTEM,NONE;VALIDATION,NONE;VISUALFORCE,NONE;WAVE,NONE;WORKFLOW,NONE
06:45:47.0 (445933)|USER_INFO|[EXTERNAL]|005410000028GkS|candidate@829258advdev.com.devbox|Pacific Standard Time|GMT-08:00
06:45:47.0 (492266)|EXECUTION_STARTED
06:45:47.0 (496365)|CODE_UNIT_STARTED|[EXTERNAL]|01p11000000FzFc|BookOrderPageControllerTest.TestMethodFour
06:45:51.271 (4271708659)|CODE_UNIT_STARTED|[EXTERNAL]|Workflow:Product2
06:45:51.271 (4537926571)|CODE_UNIT_FINISHED|Workflow:Product2
06:45:51.271 (4881598500)|CODE_UNIT_STARTED|[EXTERNAL]|Workflow:Product2
06:45:51.271 (5050307488)|CODE_UNIT_FINISHED|Workflow:Product2
06:45:52.546 (5546378032)|CODE_UNIT_STARTED|[EXTERNAL]|Workflow:Product2
06:45:52.546 (5829894342)|CODE_UNIT_FINISHED|Workflow:Product2
06:45:52.546 (6211922547)|CODE_UNIT_STARTED|[EXTERNAL]|Workflow:Product2
06:45:52.546 (6475020324)|CODE_UNIT_FINISHED|Workflow:Product2
06:45:53.961 (6961441213)|CODE_UNIT_STARTED|[EXTERNAL]|Workflow:Product2
06:45:53.961 (7313768122)|CODE_UNIT_FINISHED|Workflow:Product2
06:45:55.347 (8347386730)|CODE_UNIT_STARTED|[EXTERNAL]|Workflow:Contact
06:45:55.347 (8394947075)|CODE_UNIT_FINISHED|Workflow:Contact
06:45:55.347 (8466494646)|USER_DEBUG|[62]|DEBUG|test_1520
06:45:55.347 (8470727991)|VF_PAGE_MESSAGE|Book Order ID is Missing
06:45:55.347 (8472777380)|CODE_UNIT_FINISHED|BookOrderPageControllerTest.TestMethodFour
06:45:55.347 (8474332089)|EXECUTION_FINISHED
06:45:56.624 (9624023218)|USER_INFO|[EXTERNAL]|005410000028GkS|candidate@829258advdev.com.devbox|Pacific Standard Time|GMT-08:00
06:45:56.624 (9624038344)|EXECUTION_STARTED
06:45:56.624 (9624043188)|CODE_UNIT_STARTED|[EXTERNAL]|01p11000000FzFc|BookOrderPageControllerTest.TestMethodOne
06:46:00.173 (13173578472)|CODE_UNIT_STARTED|[EXTERNAL]|Workflow:Product2
06:46:00.173 (13410926701)|CODE_UNIT_FINISHED|Workflow:Product2
06:46:00.173 (13536226903)|CODE_UNIT_STARTED|[EXTERNAL]|Workflow:Product2
06:46:00.173 (13668498547)|CODE_UNIT_FINISHED|Workflow:Product2
06:46:00.173 (13972526858)|CODE_UNIT_STARTED|[EXTERNAL]|Workflow:Product2
06:46:01.225 (14225384204)|CODE_UNIT_FINISHED|Workflow:Product2
06:46:01.225 (14501503832)|CODE_UNIT_STARTED|[EXTERNAL]|Workflow:Product2
06:46:01.225 (14886969954)|CODE_UNIT_FINISHED|Workflow:Product2
06:46:02.351 (15351091338)|CODE_UNIT_STARTED|[EXTERNAL]|Workflow:Product2
06:46:02.351 (15631073523)|CODE_UNIT_FINISHED|Workflow:Product2
06:46:03.442 (16442668593)|CODE_UNIT_STARTED|[EXTERNAL]|Workflow:Contact
06:46:03.442 (16467943892)|CODE_UNIT_FINISHED|Workflow:Contact
06:46:03.442 (16519671617)|USER_DEBUG|[62]|DEBUG|test_1520
06:46:03.442 (16519792725)|USER_DEBUG|[72]|DEBUG|lstPrd 300
06:46:03.442 (16537996126)|USER_DEBUG|[78]|DEBUG|Test dataBook_Order__c:{Id=a001100000DbFTMAA3, Name=order_2, Contact__c=0031100001FvNAwAAN}
06:46:03.442 (16588980030)|EXCEPTION_THROWN|[93]|System.AssertException: Assertion Failed: Same value: 0
06:46:03.442 (16589213428)|FATAL_ERROR|System.AssertException: Assertion Failed: Same value: 0

Class.BookOrderPageController.addToShoppingCart: line 93, column 1
Class.BookOrderPageControllerTest.TestMethodOne: line 93, column 1
06:46:03.442 (16589224720)|FATAL_ERROR|System.AssertException: Assertion Failed: Same value: 0

Class.BookOrderPageController.addToShoppingCart: line 93, column 1
Class.BookOrderPageControllerTest.TestMethodOne: line 93, column 1
06:46:03.442 (16589236559)|CODE_UNIT_FINISHED|BookOrderPageControllerTest.TestMethodOne
06:46:03.442 (16592119621)|EXECUTION_FINISHED
06:46:04.735 (17735558548)|USER_INFO|[EXTERNAL]|005410000028GkS|candidate@829258advdev.com.devbox|Pacific Standard Time|GMT-08:00
06:46:04.735 (17735577314)|EXECUTION_STARTED
06:46:04.735 (17735581767)|CODE_UNIT_STARTED|[EXTERNAL]|01p11000000FzFc|BookOrderPageControllerTest.TestMethodTwo
06:46:08.246 (21246916335)|CODE_UNIT_STARTED|[EXTERNAL]|Workflow:Product2
06:46:08.246 (21530740335)|CODE_UNIT_FINISHED|Workflow:Product2
06:46:08.246 (21669887542)|CODE_UNIT_STARTED|[EXTERNAL]|Workflow:Product2
06:46:08.246 (21824278346)|CODE_UNIT_FINISHED|Workflow:Product2
06:46:08.246 (22151576394)|CODE_UNIT_STARTED|[EXTERNAL]|Workflow:Product2
06:46:09.429 (22429518593)|CODE_UNIT_FINISHED|Workflow:Product2
06:46:09.429 (22712873372)|CODE_UNIT_STARTED|[EXTERNAL]|Workflow:Product2
06:46:09.429 (23049134734)|CODE_UNIT_FINISHED|Workflow:Product2
06:46:09.429 (23324933901)|CODE_UNIT_STARTED|[EXTERNAL]|Workflow:Product2
06:46:10.591 (23591037073)|CODE_UNIT_FINISHED|Workflow:Product2
06:46:10.591 (24395320871)|CODE_UNIT_STARTED|[EXTERNAL]|Workflow:Contact
06:46:10.591 (24427770653)|CODE_UNIT_FINISHED|Workflow:Contact
06:46:10.591 (24484582254)|USER_DEBUG|[62]|DEBUG|test_1520
06:46:11.643 (24643429510)|EXCEPTION_THROWN|[93]|System.AssertException: Assertion Failed: Same value: 0
06:46:11.643 (24643646392)|FATAL_ERROR|System.AssertException: Assertion Failed: Same value: 0

Class.BookOrderPageController.addToShoppingCart: line 93, column 1
Class.BookOrderPageControllerTest.TestMethodTwo: line 156, column 1
06:46:11.643 (24643656024)|FATAL_ERROR|System.AssertException: Assertion Failed: Same value: 0

Class.BookOrderPageController.addToShoppingCart: line 93, column 1
Class.BookOrderPageControllerTest.TestMethodTwo: line 156, column 1
06:46:11.643 (24643668219)|CODE_UNIT_FINISHED|BookOrderPageControllerTest.TestMethodTwo
06:46:11.643 (24646282197)|EXECUTION_FINISHED
