39.0 APEX_CODE,DEBUG;APEX_PROFILING,NONE;CALLOUT,NONE;DB,NONE;SYSTEM,NONE;VALIDATION,NONE;VISUALFORCE,NONE;WAVE,NONE;WORKFLOW,NONE
05:31:27.0 (926374)|USER_INFO|[EXTERNAL]|005410000028GkS|candidate@829258advdev.com.devbox|Pacific Standard Time|GMT-08:00
05:31:27.0 (961601)|EXECUTION_STARTED
05:31:27.0 (965361)|CODE_UNIT_STARTED|[EXTERNAL]|01p11000000Fz9e|BookListControllerTest.TestMethodOne
05:31:30.301 (3301639343)|CODE_UNIT_STARTED|[EXTERNAL]|Workflow:Product2
05:31:30.301 (3562630217)|CODE_UNIT_FINISHED|Workflow:Product2
05:31:30.301 (3684234443)|CODE_UNIT_STARTED|[EXTERNAL]|Workflow:Product2
05:31:30.301 (3831057039)|CODE_UNIT_FINISHED|Workflow:Product2
05:31:30.301 (4111688200)|CODE_UNIT_STARTED|[EXTERNAL]|Workflow:Product2
05:31:31.354 (4354204670)|CODE_UNIT_FINISHED|Workflow:Product2
05:31:31.354 (4616836910)|CODE_UNIT_STARTED|[EXTERNAL]|Workflow:Product2
05:31:31.354 (4955172347)|CODE_UNIT_FINISHED|Workflow:Product2
05:31:31.354 (5218263090)|CODE_UNIT_STARTED|[EXTERNAL]|Workflow:Product2
05:31:32.456 (5456536605)|CODE_UNIT_FINISHED|Workflow:Product2
05:31:32.456 (5708771537)|EXCEPTION_THROWN|[62]|System.AssertException: Assertion Failed: Same value: null
05:31:32.456 (5709485885)|FATAL_ERROR|System.AssertException: Assertion Failed: Same value: null

Class.BookListControllerTest: line 62, column 1
05:31:32.456 (5709495627)|FATAL_ERROR|System.AssertException: Assertion Failed: Same value: null

Class.BookListControllerTest: line 62, column 1
05:31:32.456 (5709504958)|CODE_UNIT_FINISHED|BookListControllerTest.TestMethodOne
05:31:32.456 (5711428352)|EXECUTION_FINISHED
