39.0 APEX_CODE,DEBUG;APEX_PROFILING,NONE;CALLOUT,NONE;DB,NONE;SYSTEM,NONE;VALIDATION,NONE;VISUALFORCE,NONE;WAVE,NONE;WORKFLOW,NONE
05:50:28.1 (1040466)|USER_INFO|[EXTERNAL]|005410000028GkS|candidate@829258advdev.com.devbox|Pacific Standard Time|GMT-08:00
05:50:28.1 (1094034)|EXECUTION_STARTED
05:50:28.1 (1100254)|CODE_UNIT_STARTED|[EXTERNAL]|01p11000000Fz9e|BookListControllerTest.TestMethodOne
05:50:31.279 (3279603566)|CODE_UNIT_STARTED|[EXTERNAL]|Workflow:Product2
05:50:31.279 (3559991309)|CODE_UNIT_FINISHED|Workflow:Product2
05:50:31.279 (3681433957)|CODE_UNIT_STARTED|[EXTERNAL]|Workflow:Product2
05:50:31.279 (3807818527)|CODE_UNIT_FINISHED|Workflow:Product2
05:50:31.279 (4106752012)|CODE_UNIT_STARTED|[EXTERNAL]|Workflow:Product2
05:50:32.452 (4452638674)|CODE_UNIT_FINISHED|Workflow:Product2
05:50:32.452 (4712974759)|CODE_UNIT_STARTED|[EXTERNAL]|Workflow:Product2
05:50:32.452 (5024437298)|CODE_UNIT_FINISHED|Workflow:Product2
05:50:32.452 (5351911972)|CODE_UNIT_STARTED|[EXTERNAL]|Workflow:Product2
05:50:33.628 (5628594941)|CODE_UNIT_FINISHED|Workflow:Product2
05:50:33.628 (5800157069)|EXCEPTION_THROWN|[45]|System.AssertException: Assertion Failed: Expected: 50, Actual: 0
05:50:33.628 (5800298834)|FATAL_ERROR|System.AssertException: Assertion Failed: Expected: 50, Actual: 0

Class.BookListControllerTest: line 45, column 1
05:50:33.628 (5800307405)|FATAL_ERROR|System.AssertException: Assertion Failed: Expected: 50, Actual: 0

Class.BookListControllerTest: line 45, column 1
05:50:33.628 (5800317366)|CODE_UNIT_FINISHED|BookListControllerTest.TestMethodOne
05:50:33.628 (5802303896)|EXECUTION_FINISHED
