39.0 APEX_CODE,DEBUG;APEX_PROFILING,NONE;CALLOUT,NONE;DB,NONE;SYSTEM,NONE;VALIDATION,NONE;VISUALFORCE,NONE;WAVE,NONE;WORKFLOW,NONE
06:55:11.1 (1240814)|USER_INFO|[EXTERNAL]|005410000028GkS|candidate@829258advdev.com.devbox|Pacific Standard Time|GMT-08:00
06:55:11.1 (1291466)|EXECUTION_STARTED
06:55:11.1 (1296918)|CODE_UNIT_STARTED|[EXTERNAL]|01p11000000FzFc|BookOrderPageControllerTest.TestMethodFour
06:55:14.809 (3809263090)|CODE_UNIT_STARTED|[EXTERNAL]|Workflow:Product2
06:55:14.809 (4057614026)|CODE_UNIT_FINISHED|Workflow:Product2
06:55:14.809 (4217046177)|CODE_UNIT_STARTED|[EXTERNAL]|Workflow:Product2
06:55:14.809 (4390254154)|CODE_UNIT_FINISHED|Workflow:Product2
06:55:14.809 (4719764111)|CODE_UNIT_STARTED|[EXTERNAL]|Workflow:Product2
06:55:15.972 (4972873743)|CODE_UNIT_FINISHED|Workflow:Product2
06:55:15.972 (5245403634)|CODE_UNIT_STARTED|[EXTERNAL]|Workflow:Product2
06:55:15.972 (5539139164)|CODE_UNIT_FINISHED|Workflow:Product2
06:55:15.972 (5836745782)|CODE_UNIT_STARTED|[EXTERNAL]|Workflow:Product2
06:55:17.119 (6119415656)|CODE_UNIT_FINISHED|Workflow:Product2
06:55:17.119 (6341639853)|USER_DEBUG|[60]|DEBUG|test_1520
06:55:17.119 (6497606971)|CODE_UNIT_STARTED|[EXTERNAL]|Workflow:Contact
06:55:17.119 (6534838217)|CODE_UNIT_FINISHED|Workflow:Contact
06:55:17.119 (6598892750)|VF_PAGE_MESSAGE|Book Order ID is Missing
06:55:17.119 (6600765549)|CODE_UNIT_FINISHED|BookOrderPageControllerTest.TestMethodFour
06:55:17.119 (6602038493)|EXECUTION_FINISHED
06:55:18.907 (7907117952)|USER_INFO|[EXTERNAL]|005410000028GkS|candidate@829258advdev.com.devbox|Pacific Standard Time|GMT-08:00
06:55:18.907 (7907139258)|EXECUTION_STARTED
06:55:18.907 (7907144046)|CODE_UNIT_STARTED|[EXTERNAL]|01p11000000FzFc|BookOrderPageControllerTest.TestMethodOne
06:55:22.217 (11217349957)|CODE_UNIT_STARTED|[EXTERNAL]|Workflow:Product2
06:55:22.217 (11526111550)|CODE_UNIT_FINISHED|Workflow:Product2
06:55:22.217 (11667340987)|CODE_UNIT_STARTED|[EXTERNAL]|Workflow:Product2
06:55:22.217 (11826767776)|CODE_UNIT_FINISHED|Workflow:Product2
06:55:22.217 (12149905816)|CODE_UNIT_STARTED|[EXTERNAL]|Workflow:Product2
06:55:23.465 (12465479296)|CODE_UNIT_FINISHED|Workflow:Product2
06:55:23.465 (12717629578)|CODE_UNIT_STARTED|[EXTERNAL]|Workflow:Product2
06:55:23.465 (12974515942)|CODE_UNIT_FINISHED|Workflow:Product2
06:55:23.465 (13321081969)|CODE_UNIT_STARTED|[EXTERNAL]|Workflow:Product2
06:55:24.613 (13613712400)|CODE_UNIT_FINISHED|Workflow:Product2
06:55:24.613 (13846553466)|USER_DEBUG|[60]|DEBUG|test_1520
06:55:24.613 (13996755214)|CODE_UNIT_STARTED|[EXTERNAL]|Workflow:Contact
06:55:24.613 (14025580572)|CODE_UNIT_FINISHED|Workflow:Contact
06:55:24.613 (14062854110)|USER_DEBUG|[84]|DEBUG|lstPrd 50
06:55:24.613 (14065944459)|USER_DEBUG|[90]|DEBUG|Test dataBook_Order__c:{Id=a001100000DbFU0AAN, Name=order_2, Contact__c=0031100001FvNBLAA3}
06:55:24.613 (14112979540)|EXCEPTION_THROWN|[84]|System.AssertException: Assertion Failed: Expected: 01t11000006gKoGAAU, Actual: null
06:55:24.613 (14113135904)|FATAL_ERROR|System.AssertException: Assertion Failed: Expected: 01t11000006gKoGAAU, Actual: null

Class.BookOrderPageController.addToShoppingCart: line 84, column 1
Class.BookOrderPageControllerTest.TestMethodOne: line 105, column 1
06:55:24.613 (14113147494)|FATAL_ERROR|System.AssertException: Assertion Failed: Expected: 01t11000006gKoGAAU, Actual: null

Class.BookOrderPageController.addToShoppingCart: line 84, column 1
Class.BookOrderPageControllerTest.TestMethodOne: line 105, column 1
06:55:24.613 (14113159291)|CODE_UNIT_FINISHED|BookOrderPageControllerTest.TestMethodOne
06:55:24.613 (14115539042)|EXECUTION_FINISHED
06:55:26.269 (15269525262)|USER_INFO|[EXTERNAL]|005410000028GkS|candidate@829258advdev.com.devbox|Pacific Standard Time|GMT-08:00
06:55:26.269 (15269543928)|EXECUTION_STARTED
06:55:26.269 (15269547795)|CODE_UNIT_STARTED|[EXTERNAL]|01p11000000FzFc|BookOrderPageControllerTest.TestMethodTwo
06:55:29.741 (18741827640)|CODE_UNIT_STARTED|[EXTERNAL]|Workflow:Product2
06:55:29.741 (19026523462)|CODE_UNIT_FINISHED|Workflow:Product2
06:55:29.741 (19173469453)|CODE_UNIT_STARTED|[EXTERNAL]|Workflow:Product2
06:55:29.741 (19347528139)|CODE_UNIT_FINISHED|Workflow:Product2
06:55:29.741 (19619792438)|CODE_UNIT_STARTED|[EXTERNAL]|Workflow:Product2
06:55:30.893 (19893454713)|CODE_UNIT_FINISHED|Workflow:Product2
06:55:30.893 (20179552404)|CODE_UNIT_STARTED|[EXTERNAL]|Workflow:Product2
06:55:30.893 (20464282006)|CODE_UNIT_FINISHED|Workflow:Product2
06:55:30.893 (20741174456)|CODE_UNIT_STARTED|[EXTERNAL]|Workflow:Product2
06:55:32.12 (21012844861)|CODE_UNIT_FINISHED|Workflow:Product2
06:55:32.12 (21233222616)|USER_DEBUG|[60]|DEBUG|test_1520
06:55:32.12 (21354204068)|CODE_UNIT_STARTED|[EXTERNAL]|Workflow:Contact
06:55:32.12 (21377096042)|CODE_UNIT_FINISHED|Workflow:Contact
06:55:32.12 (21561681641)|EXCEPTION_THROWN|[93]|System.AssertException: Assertion Failed: Same value: 0
06:55:32.12 (21561956315)|FATAL_ERROR|System.AssertException: Assertion Failed: Same value: 0

Class.BookOrderPageController.addToShoppingCart: line 93, column 1
Class.BookOrderPageControllerTest.TestMethodTwo: line 168, column 1
06:55:32.12 (21561971325)|FATAL_ERROR|System.AssertException: Assertion Failed: Same value: 0

Class.BookOrderPageController.addToShoppingCart: line 93, column 1
Class.BookOrderPageControllerTest.TestMethodTwo: line 168, column 1
06:55:32.12 (21561983693)|CODE_UNIT_FINISHED|BookOrderPageControllerTest.TestMethodTwo
06:55:32.12 (21563889574)|EXECUTION_FINISHED
