39.0 APEX_CODE,DEBUG;APEX_PROFILING,NONE;CALLOUT,NONE;DB,NONE;SYSTEM,NONE;VALIDATION,NONE;VISUALFORCE,NONE;WAVE,NONE;WORKFLOW,NONE
05:49:03.0 (814091)|USER_INFO|[EXTERNAL]|005410000028GkS|candidate@829258advdev.com.devbox|Pacific Standard Time|GMT-08:00
05:49:03.0 (849079)|EXECUTION_STARTED
05:49:03.0 (852590)|CODE_UNIT_STARTED|[EXTERNAL]|01p11000000Fz9e|BookListControllerTest.TestMethodOne
05:49:06.583 (3583921988)|CODE_UNIT_STARTED|[EXTERNAL]|Workflow:Product2
05:49:06.583 (3863784720)|CODE_UNIT_FINISHED|Workflow:Product2
05:49:06.583 (4032753376)|CODE_UNIT_STARTED|[EXTERNAL]|Workflow:Product2
05:49:06.583 (4159985962)|CODE_UNIT_FINISHED|Workflow:Product2
05:49:06.583 (4507280729)|CODE_UNIT_STARTED|[EXTERNAL]|Workflow:Product2
05:49:07.792 (4792103381)|CODE_UNIT_FINISHED|Workflow:Product2
05:49:07.792 (5085026988)|CODE_UNIT_STARTED|[EXTERNAL]|Workflow:Product2
05:49:07.792 (5316993417)|CODE_UNIT_FINISHED|Workflow:Product2
05:49:07.792 (5681420071)|CODE_UNIT_STARTED|[EXTERNAL]|Workflow:Product2
05:49:08.951 (5951066904)|CODE_UNIT_FINISHED|Workflow:Product2
05:49:08.951 (6134132823)|EXCEPTION_THROWN|[64]|System.AssertException: Assertion Failed: Same value: null
05:49:08.951 (6134327038)|FATAL_ERROR|System.AssertException: Assertion Failed: Same value: null

Class.BookListControllerTest: line 64, column 1
05:49:08.951 (6134340604)|FATAL_ERROR|System.AssertException: Assertion Failed: Same value: null

Class.BookListControllerTest: line 64, column 1
05:49:08.951 (6134351508)|CODE_UNIT_FINISHED|BookListControllerTest.TestMethodOne
05:49:08.951 (6135826280)|EXECUTION_FINISHED
