39.0 APEX_CODE,DEBUG;APEX_PROFILING,NONE;CALLOUT,NONE;DB,NONE;SYSTEM,NONE;VALIDATION,NONE;VISUALFORCE,NONE;WAVE,NONE;WORKFLOW,NONE
06:18:56.0 (272053)|USER_INFO|[EXTERNAL]|005410000028GkS|candidate@829258advdev.com.devbox|Pacific Standard Time|GMT-08:00
06:18:56.0 (304082)|EXECUTION_STARTED
06:18:56.0 (308987)|CODE_UNIT_STARTED|[EXTERNAL]|01p11000000FzFc|BookOrderPageControllerTest.TestMethodFour
06:18:59.748 (3748078247)|CODE_UNIT_STARTED|[EXTERNAL]|Workflow:Product2
06:18:59.748 (3995487202)|CODE_UNIT_FINISHED|Workflow:Product2
06:18:59.748 (4209364458)|CODE_UNIT_STARTED|[EXTERNAL]|Workflow:Product2
06:18:59.748 (4345427701)|CODE_UNIT_FINISHED|Workflow:Product2
06:18:59.748 (4685868937)|CODE_UNIT_STARTED|[EXTERNAL]|Workflow:Product2
06:19:00.963 (4963941760)|CODE_UNIT_FINISHED|Workflow:Product2
06:19:00.963 (5269828119)|CODE_UNIT_STARTED|[EXTERNAL]|Workflow:Product2
06:19:00.963 (5540103125)|CODE_UNIT_FINISHED|Workflow:Product2
06:19:00.963 (5941728066)|CODE_UNIT_STARTED|[EXTERNAL]|Workflow:Product2
06:19:02.196 (6196873966)|CODE_UNIT_FINISHED|Workflow:Product2
06:19:02.196 (7019309759)|CODE_UNIT_STARTED|[EXTERNAL]|Workflow:Contact
06:19:02.196 (7061559010)|CODE_UNIT_FINISHED|Workflow:Contact
06:19:02.196 (7099591610)|VF_PAGE_MESSAGE|Book Order ID is Missing
06:19:02.196 (7101934974)|CODE_UNIT_FINISHED|BookOrderPageControllerTest.TestMethodFour
06:19:02.196 (7103190801)|EXECUTION_FINISHED
06:19:04.370 (8370497471)|USER_INFO|[EXTERNAL]|005410000028GkS|candidate@829258advdev.com.devbox|Pacific Standard Time|GMT-08:00
06:19:04.370 (8370515098)|EXECUTION_STARTED
06:19:04.370 (8370518979)|CODE_UNIT_STARTED|[EXTERNAL]|01p11000000FzFc|BookOrderPageControllerTest.TestMethodOne
06:19:07.822 (11822719422)|CODE_UNIT_STARTED|[EXTERNAL]|Workflow:Product2
06:19:07.822 (12057113096)|CODE_UNIT_FINISHED|Workflow:Product2
06:19:07.822 (12191656967)|CODE_UNIT_STARTED|[EXTERNAL]|Workflow:Product2
06:19:07.822 (12344732299)|CODE_UNIT_FINISHED|Workflow:Product2
06:19:07.822 (12652921088)|CODE_UNIT_STARTED|[EXTERNAL]|Workflow:Product2
06:19:08.894 (12894583414)|CODE_UNIT_FINISHED|Workflow:Product2
06:19:08.894 (13153029899)|CODE_UNIT_STARTED|[EXTERNAL]|Workflow:Product2
06:19:08.894 (13472157041)|CODE_UNIT_FINISHED|Workflow:Product2
06:19:08.894 (13786984740)|CODE_UNIT_STARTED|[EXTERNAL]|Workflow:Product2
06:19:10.50 (14050885555)|CODE_UNIT_FINISHED|Workflow:Product2
06:19:11.107 (15107750845)|CODE_UNIT_STARTED|[EXTERNAL]|Workflow:Contact
06:19:11.107 (15132837236)|CODE_UNIT_FINISHED|Workflow:Contact
06:19:11.107 (15162425436)|USER_DEBUG|[68]|DEBUG|lstPrd 300
06:19:11.107 (15179252562)|USER_DEBUG|[74]|DEBUG|Test dataBook_Order__c:{Id=a001100000DbFCPAA3, Name=order_2, Contact__c=0031100001Fv7TYAAZ}
06:19:11.107 (15227932561)|EXCEPTION_THROWN|[93]|System.AssertException: Assertion Failed: Same value: 0
06:19:11.107 (15228254878)|FATAL_ERROR|System.AssertException: Assertion Failed: Same value: 0

Class.BookOrderPageController.addToShoppingCart: line 93, column 1
Class.BookOrderPageControllerTest.TestMethodOne: line 89, column 1
06:19:11.107 (15228264672)|FATAL_ERROR|System.AssertException: Assertion Failed: Same value: 0

Class.BookOrderPageController.addToShoppingCart: line 93, column 1
Class.BookOrderPageControllerTest.TestMethodOne: line 89, column 1
06:19:11.107 (15228274254)|CODE_UNIT_FINISHED|BookOrderPageControllerTest.TestMethodOne
06:19:11.107 (15230999748)|EXECUTION_FINISHED
06:19:12.370 (16370496882)|USER_INFO|[EXTERNAL]|005410000028GkS|candidate@829258advdev.com.devbox|Pacific Standard Time|GMT-08:00
06:19:12.370 (16370512084)|EXECUTION_STARTED
06:19:12.370 (16370516096)|CODE_UNIT_STARTED|[EXTERNAL]|01p11000000FzFc|BookOrderPageControllerTest.TestMethodTwo
06:19:15.903 (19903319904)|CODE_UNIT_STARTED|[EXTERNAL]|Workflow:Product2
06:19:15.903 (20180582644)|CODE_UNIT_FINISHED|Workflow:Product2
06:19:15.903 (20325666912)|CODE_UNIT_STARTED|[EXTERNAL]|Workflow:Product2
06:19:15.903 (20475191869)|CODE_UNIT_FINISHED|Workflow:Product2
06:19:15.903 (20802263987)|CODE_UNIT_STARTED|[EXTERNAL]|Workflow:Product2
06:19:17.92 (21092407561)|CODE_UNIT_FINISHED|Workflow:Product2
06:19:17.92 (21334408285)|CODE_UNIT_STARTED|[EXTERNAL]|Workflow:Product2
06:19:17.92 (21645326327)|CODE_UNIT_FINISHED|Workflow:Product2
06:19:17.92 (21920179233)|CODE_UNIT_STARTED|[EXTERNAL]|Workflow:Product2
06:19:18.207 (22207697767)|CODE_UNIT_FINISHED|Workflow:Product2
06:19:18.207 (23108478191)|CODE_UNIT_STARTED|[EXTERNAL]|Workflow:Contact
06:19:18.207 (23134619595)|CODE_UNIT_FINISHED|Workflow:Contact
06:19:19.404 (23404374105)|EXCEPTION_THROWN|[93]|System.AssertException: Assertion Failed: Same value: 0
06:19:19.404 (23404589204)|FATAL_ERROR|System.AssertException: Assertion Failed: Same value: 0

Class.BookOrderPageController.addToShoppingCart: line 93, column 1
Class.BookOrderPageControllerTest.TestMethodTwo: line 152, column 1
06:19:19.404 (23404598463)|FATAL_ERROR|System.AssertException: Assertion Failed: Same value: 0

Class.BookOrderPageController.addToShoppingCart: line 93, column 1
Class.BookOrderPageControllerTest.TestMethodTwo: line 152, column 1
06:19:19.404 (23404607580)|CODE_UNIT_FINISHED|BookOrderPageControllerTest.TestMethodTwo
06:19:19.404 (23406920865)|EXECUTION_FINISHED
