39.0 APEX_CODE,DEBUG;APEX_PROFILING,NONE;CALLOUT,NONE;DB,NONE;SYSTEM,NONE;VALIDATION,NONE;VISUALFORCE,NONE;WAVE,NONE;WORKFLOW,NONE
06:29:09.0 (484699)|USER_INFO|[EXTERNAL]|005410000028GkS|candidate@829258advdev.com.devbox|Pacific Standard Time|GMT-08:00
06:29:09.0 (531885)|EXECUTION_STARTED
06:29:09.0 (537844)|CODE_UNIT_STARTED|[EXTERNAL]|01p11000000FzFc|BookOrderPageControllerTest.TestMethodFour
06:29:13.474 (4474910509)|CODE_UNIT_STARTED|[EXTERNAL]|Workflow:Product2
06:29:13.474 (4755820286)|CODE_UNIT_FINISHED|Workflow:Product2
06:29:13.474 (4976390373)|CODE_UNIT_STARTED|[EXTERNAL]|Workflow:Product2
06:29:13.474 (5120810879)|CODE_UNIT_FINISHED|Workflow:Product2
06:29:14.513 (5513330079)|CODE_UNIT_STARTED|[EXTERNAL]|Workflow:Product2
06:29:14.513 (5834743295)|CODE_UNIT_FINISHED|Workflow:Product2
06:29:14.513 (6249721752)|CODE_UNIT_STARTED|[EXTERNAL]|Workflow:Product2
06:29:15.528 (6528687736)|CODE_UNIT_FINISHED|Workflow:Product2
06:29:15.528 (6962453169)|CODE_UNIT_STARTED|[EXTERNAL]|Workflow:Product2
06:29:15.528 (7351535015)|CODE_UNIT_FINISHED|Workflow:Product2
06:29:17.219 (8219078072)|CODE_UNIT_STARTED|[EXTERNAL]|Workflow:Contact
06:29:17.219 (8258950363)|CODE_UNIT_FINISHED|Workflow:Contact
06:29:17.219 (8296133889)|VF_PAGE_MESSAGE|Book Order ID is Missing
06:29:17.219 (8298095538)|CODE_UNIT_FINISHED|BookOrderPageControllerTest.TestMethodFour
06:29:17.219 (8299367662)|EXECUTION_FINISHED
06:29:18.530 (9530125772)|USER_INFO|[EXTERNAL]|005410000028GkS|candidate@829258advdev.com.devbox|Pacific Standard Time|GMT-08:00
06:29:18.530 (9530142357)|EXECUTION_STARTED
06:29:18.530 (9530147266)|CODE_UNIT_STARTED|[EXTERNAL]|01p11000000FzFc|BookOrderPageControllerTest.TestMethodOne
06:29:21.946 (12946650352)|CODE_UNIT_STARTED|[EXTERNAL]|Workflow:Product2
06:29:21.946 (13230686886)|CODE_UNIT_FINISHED|Workflow:Product2
06:29:21.946 (13422524146)|CODE_UNIT_STARTED|[EXTERNAL]|Workflow:Product2
06:29:21.946 (13566492286)|CODE_UNIT_FINISHED|Workflow:Product2
06:29:21.946 (13884403723)|CODE_UNIT_STARTED|[EXTERNAL]|Workflow:Product2
06:29:23.177 (14177779048)|CODE_UNIT_FINISHED|Workflow:Product2
06:29:23.177 (14447247886)|CODE_UNIT_STARTED|[EXTERNAL]|Workflow:Product2
06:29:23.177 (14690566287)|CODE_UNIT_FINISHED|Workflow:Product2
06:29:23.177 (15024818559)|CODE_UNIT_STARTED|[EXTERNAL]|Workflow:Product2
06:29:24.309 (15309009449)|CODE_UNIT_FINISHED|Workflow:Product2
06:29:24.309 (16251690699)|CODE_UNIT_STARTED|[EXTERNAL]|Workflow:Contact
06:29:24.309 (16276837539)|CODE_UNIT_FINISHED|Workflow:Contact
06:29:25.312 (16312037099)|USER_DEBUG|[68]|DEBUG|lstPrd 300
06:29:25.312 (16336380186)|USER_DEBUG|[74]|DEBUG|Test dataBook_Order__c:{Id=a001100000DbFS9AAN, Name=order_2, Contact__c=0031100001FvN90AAF}
06:29:25.312 (16406598330)|EXCEPTION_THROWN|[93]|System.AssertException: Assertion Failed: Same value: 0
06:29:25.312 (16406787757)|FATAL_ERROR|System.AssertException: Assertion Failed: Same value: 0

Class.BookOrderPageController.addToShoppingCart: line 93, column 1
Class.BookOrderPageControllerTest.TestMethodOne: line 89, column 1
06:29:25.312 (16406797021)|FATAL_ERROR|System.AssertException: Assertion Failed: Same value: 0

Class.BookOrderPageController.addToShoppingCart: line 93, column 1
Class.BookOrderPageControllerTest.TestMethodOne: line 89, column 1
06:29:25.312 (16406807212)|CODE_UNIT_FINISHED|BookOrderPageControllerTest.TestMethodOne
06:29:25.312 (16408772456)|EXECUTION_FINISHED
06:29:26.639 (17639909224)|USER_INFO|[EXTERNAL]|005410000028GkS|candidate@829258advdev.com.devbox|Pacific Standard Time|GMT-08:00
06:29:26.639 (17639930046)|EXECUTION_STARTED
06:29:26.639 (17639937517)|CODE_UNIT_STARTED|[EXTERNAL]|01p11000000FzFc|BookOrderPageControllerTest.TestMethodTwo
06:29:30.548 (21548677570)|CODE_UNIT_STARTED|[EXTERNAL]|Workflow:Product2
06:29:30.548 (21802451295)|CODE_UNIT_FINISHED|Workflow:Product2
06:29:30.548 (21928598848)|CODE_UNIT_STARTED|[EXTERNAL]|Workflow:Product2
06:29:30.548 (22070241108)|CODE_UNIT_FINISHED|Workflow:Product2
06:29:30.548 (22402432786)|CODE_UNIT_STARTED|[EXTERNAL]|Workflow:Product2
06:29:31.660 (22660095759)|CODE_UNIT_FINISHED|Workflow:Product2
06:29:31.660 (22924126416)|CODE_UNIT_STARTED|[EXTERNAL]|Workflow:Product2
06:29:31.660 (23262735575)|CODE_UNIT_FINISHED|Workflow:Product2
06:29:31.660 (23580855538)|CODE_UNIT_STARTED|[EXTERNAL]|Workflow:Product2
06:29:32.868 (23868004259)|CODE_UNIT_FINISHED|Workflow:Product2
06:29:32.868 (24731424161)|CODE_UNIT_STARTED|[EXTERNAL]|Workflow:Contact
06:29:32.868 (24753771052)|CODE_UNIT_FINISHED|Workflow:Contact
06:29:34.17 (25017135384)|EXCEPTION_THROWN|[93]|System.AssertException: Assertion Failed: Same value: 0
06:29:34.17 (25017484585)|FATAL_ERROR|System.AssertException: Assertion Failed: Same value: 0

Class.BookOrderPageController.addToShoppingCart: line 93, column 1
Class.BookOrderPageControllerTest.TestMethodTwo: line 152, column 1
06:29:34.17 (25017495785)|FATAL_ERROR|System.AssertException: Assertion Failed: Same value: 0

Class.BookOrderPageController.addToShoppingCart: line 93, column 1
Class.BookOrderPageControllerTest.TestMethodTwo: line 152, column 1
06:29:34.17 (25017511621)|CODE_UNIT_FINISHED|BookOrderPageControllerTest.TestMethodTwo
06:29:34.17 (25019862281)|EXECUTION_FINISHED
