39.0 APEX_CODE,DEBUG;APEX_PROFILING,NONE;CALLOUT,NONE;DB,NONE;SYSTEM,NONE;VALIDATION,NONE;VISUALFORCE,NONE;WAVE,NONE;WORKFLOW,NONE
05:49:44.0 (794442)|USER_INFO|[EXTERNAL]|005410000028GkS|candidate@829258advdev.com.devbox|Pacific Standard Time|GMT-08:00
05:49:44.0 (835099)|EXECUTION_STARTED
05:49:44.0 (839198)|CODE_UNIT_STARTED|[EXTERNAL]|01p11000000Fz9e|BookListControllerTest.TestMethodOne
05:49:47.325 (3325927111)|CODE_UNIT_STARTED|[EXTERNAL]|Workflow:Product2
05:49:47.325 (3584759217)|CODE_UNIT_FINISHED|Workflow:Product2
05:49:47.325 (3729461027)|CODE_UNIT_STARTED|[EXTERNAL]|Workflow:Product2
05:49:47.325 (3899565322)|CODE_UNIT_FINISHED|Workflow:Product2
05:49:47.325 (4179864524)|CODE_UNIT_STARTED|[EXTERNAL]|Workflow:Product2
05:49:48.419 (4419120761)|CODE_UNIT_FINISHED|Workflow:Product2
05:49:48.419 (4682839252)|CODE_UNIT_STARTED|[EXTERNAL]|Workflow:Product2
05:49:48.419 (4986401540)|CODE_UNIT_FINISHED|Workflow:Product2
05:49:48.419 (5287181065)|CODE_UNIT_STARTED|[EXTERNAL]|Workflow:Product2
05:49:49.535 (5535684062)|CODE_UNIT_FINISHED|Workflow:Product2
05:49:49.535 (5710957303)|EXCEPTION_THROWN|[33]|System.AssertException: Assertion Failed: Expected: 50, Actual: 0
05:49:49.535 (5711112831)|FATAL_ERROR|System.AssertException: Assertion Failed: Expected: 50, Actual: 0

Class.BookListControllerTest: line 33, column 1
05:49:49.535 (5711123054)|FATAL_ERROR|System.AssertException: Assertion Failed: Expected: 50, Actual: 0

Class.BookListControllerTest: line 33, column 1
05:49:49.535 (5711131810)|CODE_UNIT_FINISHED|BookListControllerTest.TestMethodOne
05:49:49.535 (5712490292)|EXECUTION_FINISHED
