39.0 APEX_CODE,DEBUG;APEX_PROFILING,NONE;CALLOUT,NONE;DB,NONE;SYSTEM,NONE;VALIDATION,NONE;VISUALFORCE,NONE;WAVE,NONE;WORKFLOW,NONE
06:41:33.0 (896949)|USER_INFO|[EXTERNAL]|005410000028GkS|candidate@829258advdev.com.devbox|Pacific Standard Time|GMT-08:00
06:41:33.0 (943461)|EXECUTION_STARTED
06:41:33.0 (947692)|CODE_UNIT_STARTED|[EXTERNAL]|01p11000000FzFc|BookOrderPageControllerTest.TestMethodFour
06:41:36.520 (3520853315)|CODE_UNIT_STARTED|[EXTERNAL]|Workflow:Product2
06:41:36.520 (3851819527)|CODE_UNIT_FINISHED|Workflow:Product2
06:41:36.520 (3982300858)|CODE_UNIT_STARTED|[EXTERNAL]|Workflow:Product2
06:41:36.520 (4129303985)|CODE_UNIT_FINISHED|Workflow:Product2
06:41:36.520 (4441006880)|CODE_UNIT_STARTED|[EXTERNAL]|Workflow:Product2
06:41:37.733 (4733020179)|CODE_UNIT_FINISHED|Workflow:Product2
06:41:37.733 (5051505272)|CODE_UNIT_STARTED|[EXTERNAL]|Workflow:Product2
06:41:37.733 (5336393007)|CODE_UNIT_FINISHED|Workflow:Product2
06:41:37.733 (5670968873)|CODE_UNIT_STARTED|[EXTERNAL]|Workflow:Product2
06:41:38.985 (5985722270)|CODE_UNIT_FINISHED|Workflow:Product2
06:41:38.985 (6215071265)|EXCEPTION_THROWN|[57]|System.AssertException: Assertion Failed: Same value: null
06:41:38.985 (6215535402)|FATAL_ERROR|System.AssertException: Assertion Failed: Same value: null

Class.BookOrderPageControllerTest: line 57, column 1
06:41:38.985 (6215547407)|FATAL_ERROR|System.AssertException: Assertion Failed: Same value: null

Class.BookOrderPageControllerTest: line 57, column 1
06:41:38.985 (6215557049)|CODE_UNIT_FINISHED|BookOrderPageControllerTest.TestMethodFour
06:41:38.985 (6216994627)|EXECUTION_FINISHED
06:41:40.542 (7542076761)|USER_INFO|[EXTERNAL]|005410000028GkS|candidate@829258advdev.com.devbox|Pacific Standard Time|GMT-08:00
06:41:40.542 (7542098309)|EXECUTION_STARTED
06:41:40.542 (7542102925)|CODE_UNIT_STARTED|[EXTERNAL]|01p11000000FzFc|BookOrderPageControllerTest.TestMethodOne
06:41:43.922 (10922874011)|CODE_UNIT_STARTED|[EXTERNAL]|Workflow:Product2
06:41:43.922 (11174056424)|CODE_UNIT_FINISHED|Workflow:Product2
06:41:43.922 (11350863409)|CODE_UNIT_STARTED|[EXTERNAL]|Workflow:Product2
06:41:43.922 (11567968517)|CODE_UNIT_FINISHED|Workflow:Product2
06:41:43.922 (11867370653)|CODE_UNIT_STARTED|[EXTERNAL]|Workflow:Product2
06:41:45.124 (12124487753)|CODE_UNIT_FINISHED|Workflow:Product2
06:41:45.124 (12507140485)|CODE_UNIT_STARTED|[EXTERNAL]|Workflow:Product2
06:41:45.124 (12815572468)|CODE_UNIT_FINISHED|Workflow:Product2
06:41:46.199 (13199279705)|CODE_UNIT_STARTED|[EXTERNAL]|Workflow:Product2
06:41:46.199 (13499143264)|CODE_UNIT_FINISHED|Workflow:Product2
06:41:47.323 (14323596667)|CODE_UNIT_STARTED|[EXTERNAL]|Workflow:Contact
06:41:47.323 (14365121348)|CODE_UNIT_FINISHED|Workflow:Contact
06:41:47.323 (14444507743)|USER_DEBUG|[62]|DEBUG|test(Product2:{Id=01t11000006gGQ6AAM, Name=Book_30}, Product2:{Id=01t11000006gGQ7AAM, Name=Book_31}, Product2:{Id=01t11000006gGQ8AAM, Name=Book_32}, Product2:{Id=01t11000006gGQ9AAM, Name=Book_33}, Product2:{Id=01t11000006gGQAAA2, Name=Book_34}, Product2:{Id=01t11000006gGQBAA2, Name=Book_35}, Product2:{Id=01t11000006gGQCAA2, Name=Book_36}, Product2:{Id=01t11000006gGQDAA2, Name=Book_37}, Product2:{Id=01t11000006gGQEAA2, Name=Book_38}, Product2:{Id=01t11000006gGQFAA2, Name=Book_39}, ...)
06:41:47.323 (14444620092)|USER_DEBUG|[72]|DEBUG|lstPrd 300
06:41:47.323 (14461892884)|USER_DEBUG|[78]|DEBUG|Test dataBook_Order__c:{Id=a001100000DbFT1AAN, Name=order_2, Contact__c=0031100001FvNAWAA3}
06:41:47.323 (14530770724)|EXCEPTION_THROWN|[93]|System.AssertException: Assertion Failed: Same value: 0
06:41:47.323 (14531050649)|FATAL_ERROR|System.AssertException: Assertion Failed: Same value: 0

Class.BookOrderPageController.addToShoppingCart: line 93, column 1
Class.BookOrderPageControllerTest.TestMethodOne: line 93, column 1
06:41:47.323 (14531060688)|FATAL_ERROR|System.AssertException: Assertion Failed: Same value: 0

Class.BookOrderPageController.addToShoppingCart: line 93, column 1
Class.BookOrderPageControllerTest.TestMethodOne: line 93, column 1
06:41:47.323 (14531069530)|CODE_UNIT_FINISHED|BookOrderPageControllerTest.TestMethodOne
06:41:47.323 (14533689133)|EXECUTION_FINISHED
06:41:48.923 (15923042133)|USER_INFO|[EXTERNAL]|005410000028GkS|candidate@829258advdev.com.devbox|Pacific Standard Time|GMT-08:00
06:41:48.923 (15923060616)|EXECUTION_STARTED
06:41:48.923 (15923065035)|CODE_UNIT_STARTED|[EXTERNAL]|01p11000000FzFc|BookOrderPageControllerTest.TestMethodTwo
06:41:52.459 (19459259803)|CODE_UNIT_STARTED|[EXTERNAL]|Workflow:Product2
06:41:52.459 (19746424579)|CODE_UNIT_FINISHED|Workflow:Product2
06:41:52.459 (19877322763)|CODE_UNIT_STARTED|[EXTERNAL]|Workflow:Product2
06:41:52.459 (20025677750)|CODE_UNIT_FINISHED|Workflow:Product2
06:41:52.459 (20321789064)|CODE_UNIT_STARTED|[EXTERNAL]|Workflow:Product2
06:41:53.700 (20700842291)|CODE_UNIT_FINISHED|Workflow:Product2
06:41:53.700 (20983199042)|CODE_UNIT_STARTED|[EXTERNAL]|Workflow:Product2
06:41:53.700 (21251983202)|CODE_UNIT_FINISHED|Workflow:Product2
06:41:53.700 (21526133973)|CODE_UNIT_STARTED|[EXTERNAL]|Workflow:Product2
06:41:54.909 (21909591209)|CODE_UNIT_FINISHED|Workflow:Product2
06:41:54.909 (22689999005)|CODE_UNIT_STARTED|[EXTERNAL]|Workflow:Contact
06:41:54.909 (22714087095)|CODE_UNIT_FINISHED|Workflow:Contact
06:41:54.909 (22784769305)|USER_DEBUG|[62]|DEBUG|test(Product2:{Id=01t11000006gGecAAE, Name=Book_30}, Product2:{Id=01t11000006gGedAAE, Name=Book_31}, Product2:{Id=01t11000006gGeeAAE, Name=Book_32}, Product2:{Id=01t11000006gGefAAE, Name=Book_33}, Product2:{Id=01t11000006gGegAAE, Name=Book_34}, Product2:{Id=01t11000006gGehAAE, Name=Book_35}, Product2:{Id=01t11000006gGeiAAE, Name=Book_36}, Product2:{Id=01t11000006gGejAAE, Name=Book_37}, Product2:{Id=01t11000006gGekAAE, Name=Book_38}, Product2:{Id=01t11000006gGelAAE, Name=Book_39}, ...)
06:41:56.18 (23018104707)|EXCEPTION_THROWN|[93]|System.AssertException: Assertion Failed: Same value: 0
06:41:56.18 (23018276783)|FATAL_ERROR|System.AssertException: Assertion Failed: Same value: 0

Class.BookOrderPageController.addToShoppingCart: line 93, column 1
Class.BookOrderPageControllerTest.TestMethodTwo: line 156, column 1
06:41:56.18 (23018287290)|FATAL_ERROR|System.AssertException: Assertion Failed: Same value: 0

Class.BookOrderPageController.addToShoppingCart: line 93, column 1
Class.BookOrderPageControllerTest.TestMethodTwo: line 156, column 1
06:41:56.18 (23018296230)|CODE_UNIT_FINISHED|BookOrderPageControllerTest.TestMethodTwo
06:41:56.18 (23020403254)|EXECUTION_FINISHED
