39.0 APEX_CODE,DEBUG;APEX_PROFILING,NONE;CALLOUT,NONE;DB,NONE;SYSTEM,NONE;VALIDATION,NONE;VISUALFORCE,NONE;WAVE,NONE;WORKFLOW,NONE
06:44:38.1 (1313940)|USER_INFO|[EXTERNAL]|005410000028GkS|candidate@829258advdev.com.devbox|Pacific Standard Time|GMT-08:00
06:44:38.1 (1363125)|EXECUTION_STARTED
06:44:38.1 (1367332)|CODE_UNIT_STARTED|[EXTERNAL]|01p11000000FzFc|BookOrderPageControllerTest.TestMethodFour
06:44:41.688 (3688574226)|CODE_UNIT_STARTED|[EXTERNAL]|Workflow:Product2
06:44:41.688 (3977885476)|CODE_UNIT_FINISHED|Workflow:Product2
06:44:41.688 (4191889390)|CODE_UNIT_STARTED|[EXTERNAL]|Workflow:Product2
06:44:41.688 (4345463090)|CODE_UNIT_FINISHED|Workflow:Product2
06:44:42.759 (4759002612)|CODE_UNIT_STARTED|[EXTERNAL]|Workflow:Product2
06:44:42.759 (5040647077)|CODE_UNIT_FINISHED|Workflow:Product2
06:44:42.759 (5468980913)|CODE_UNIT_STARTED|[EXTERNAL]|Workflow:Product2
06:44:43.795 (5795507417)|CODE_UNIT_FINISHED|Workflow:Product2
06:44:43.795 (6145011769)|CODE_UNIT_STARTED|[EXTERNAL]|Workflow:Product2
06:44:43.795 (6447052320)|CODE_UNIT_FINISHED|Workflow:Product2
06:44:45.313 (7313494370)|CODE_UNIT_STARTED|[EXTERNAL]|Workflow:Contact
06:44:45.313 (7361632763)|CODE_UNIT_FINISHED|Workflow:Contact
06:44:45.313 (7424481833)|USER_DEBUG|[62]|DEBUG|test(Product2:{Id=01t11000006gHalAAE, Name=Book_30}, Product2:{Id=01t11000006gHamAAE, Name=Book_31}, Product2:{Id=01t11000006gHanAAE, Name=Book_32}, Product2:{Id=01t11000006gHaoAAE, Name=Book_33}, Product2:{Id=01t11000006gHapAAE, Name=Book_34}, Product2:{Id=01t11000006gHaqAAE, Name=Book_35}, Product2:{Id=01t11000006gHarAAE, Name=Book_36}, Product2:{Id=01t11000006gHasAAE, Name=Book_37}, Product2:{Id=01t11000006gHatAAE, Name=Book_38}, Product2:{Id=01t11000006gHauAAE, Name=Book_39}, ...)
06:44:45.313 (7432873288)|VF_PAGE_MESSAGE|Book Order ID is Missing
06:44:45.313 (7434749525)|CODE_UNIT_FINISHED|BookOrderPageControllerTest.TestMethodFour
06:44:45.313 (7436177641)|EXECUTION_FINISHED
06:44:46.757 (8757907350)|USER_INFO|[EXTERNAL]|005410000028GkS|candidate@829258advdev.com.devbox|Pacific Standard Time|GMT-08:00
06:44:46.757 (8757931561)|EXECUTION_STARTED
06:44:46.757 (8757938872)|CODE_UNIT_STARTED|[EXTERNAL]|01p11000000FzFc|BookOrderPageControllerTest.TestMethodOne
06:44:50.216 (12216320176)|CODE_UNIT_STARTED|[EXTERNAL]|Workflow:Product2
06:44:50.216 (12549167389)|CODE_UNIT_FINISHED|Workflow:Product2
06:44:50.216 (12691659306)|CODE_UNIT_STARTED|[EXTERNAL]|Workflow:Product2
06:44:50.216 (12843292861)|CODE_UNIT_FINISHED|Workflow:Product2
06:44:50.216 (13136382097)|CODE_UNIT_STARTED|[EXTERNAL]|Workflow:Product2
06:44:51.420 (13420077660)|CODE_UNIT_FINISHED|Workflow:Product2
06:44:51.420 (13681210265)|CODE_UNIT_STARTED|[EXTERNAL]|Workflow:Product2
06:44:51.420 (14000788557)|CODE_UNIT_FINISHED|Workflow:Product2
06:44:51.420 (14288492266)|CODE_UNIT_STARTED|[EXTERNAL]|Workflow:Product2
06:44:52.580 (14580231132)|CODE_UNIT_FINISHED|Workflow:Product2
06:44:53.636 (15636256387)|CODE_UNIT_STARTED|[EXTERNAL]|Workflow:Contact
06:44:53.636 (15660570997)|CODE_UNIT_FINISHED|Workflow:Contact
06:44:53.636 (15711959750)|USER_DEBUG|[62]|DEBUG|test(Product2:{Id=01t11000006gHpHAAU, Name=Book_30}, Product2:{Id=01t11000006gHpIAAU, Name=Book_31}, Product2:{Id=01t11000006gHpJAAU, Name=Book_32}, Product2:{Id=01t11000006gHpKAAU, Name=Book_33}, Product2:{Id=01t11000006gHpLAAU, Name=Book_34}, Product2:{Id=01t11000006gHpMAAU, Name=Book_35}, Product2:{Id=01t11000006gHpNAAU, Name=Book_36}, Product2:{Id=01t11000006gHpOAAU, Name=Book_37}, Product2:{Id=01t11000006gHpPAAU, Name=Book_38}, Product2:{Id=01t11000006gHpQAAU, Name=Book_39}, ...)
06:44:53.636 (15712074327)|USER_DEBUG|[72]|DEBUG|lstPrd 300
06:44:53.636 (15729530088)|USER_DEBUG|[78]|DEBUG|Test dataBook_Order__c:{Id=a001100000DbFTHAA3, Name=order_2, Contact__c=0031100001FvNAmAAN}
06:44:53.636 (15778468457)|EXCEPTION_THROWN|[93]|System.AssertException: Assertion Failed: Same value: 0
06:44:53.636 (15778702258)|FATAL_ERROR|System.AssertException: Assertion Failed: Same value: 0

Class.BookOrderPageController.addToShoppingCart: line 93, column 1
Class.BookOrderPageControllerTest.TestMethodOne: line 93, column 1
06:44:53.636 (15778713104)|FATAL_ERROR|System.AssertException: Assertion Failed: Same value: 0

Class.BookOrderPageController.addToShoppingCart: line 93, column 1
Class.BookOrderPageControllerTest.TestMethodOne: line 93, column 1
06:44:53.636 (15778723939)|CODE_UNIT_FINISHED|BookOrderPageControllerTest.TestMethodOne
06:44:53.636 (15781112777)|EXECUTION_FINISHED
06:44:55.28 (17028352863)|USER_INFO|[EXTERNAL]|005410000028GkS|candidate@829258advdev.com.devbox|Pacific Standard Time|GMT-08:00
06:44:55.28 (17028368700)|EXECUTION_STARTED
06:44:55.28 (17028373142)|CODE_UNIT_STARTED|[EXTERNAL]|01p11000000FzFc|BookOrderPageControllerTest.TestMethodTwo
06:44:58.237 (20237526969)|CODE_UNIT_STARTED|[EXTERNAL]|Workflow:Product2
06:44:58.237 (20481824556)|CODE_UNIT_FINISHED|Workflow:Product2
06:44:58.237 (20625290696)|CODE_UNIT_STARTED|[EXTERNAL]|Workflow:Product2
06:44:58.237 (20773104386)|CODE_UNIT_FINISHED|Workflow:Product2
06:44:58.237 (21074394766)|CODE_UNIT_STARTED|[EXTERNAL]|Workflow:Product2
06:44:59.341 (21341247082)|CODE_UNIT_FINISHED|Workflow:Product2
06:44:59.341 (21613505380)|CODE_UNIT_STARTED|[EXTERNAL]|Workflow:Product2
06:44:59.341 (21958114407)|CODE_UNIT_FINISHED|Workflow:Product2
06:44:59.341 (22249732957)|CODE_UNIT_STARTED|[EXTERNAL]|Workflow:Product2
06:45:00.515 (22515694216)|CODE_UNIT_FINISHED|Workflow:Product2
06:45:01.631 (23631216531)|CODE_UNIT_STARTED|[EXTERNAL]|Workflow:Contact
06:45:01.631 (23659595357)|CODE_UNIT_FINISHED|Workflow:Contact
06:45:01.631 (23715554075)|USER_DEBUG|[62]|DEBUG|test(Product2:{Id=01t11000006gI3nAAE, Name=Book_30}, Product2:{Id=01t11000006gI3oAAE, Name=Book_31}, Product2:{Id=01t11000006gI3pAAE, Name=Book_32}, Product2:{Id=01t11000006gI3qAAE, Name=Book_33}, Product2:{Id=01t11000006gI3rAAE, Name=Book_34}, Product2:{Id=01t11000006gI3sAAE, Name=Book_35}, Product2:{Id=01t11000006gI3tAAE, Name=Book_36}, Product2:{Id=01t11000006gI3uAAE, Name=Book_37}, Product2:{Id=01t11000006gI3vAAE, Name=Book_38}, Product2:{Id=01t11000006gI3wAAE, Name=Book_39}, ...)
06:45:01.631 (23977863230)|EXCEPTION_THROWN|[93]|System.AssertException: Assertion Failed: Same value: 0
06:45:01.631 (23978001329)|FATAL_ERROR|System.AssertException: Assertion Failed: Same value: 0

Class.BookOrderPageController.addToShoppingCart: line 93, column 1
Class.BookOrderPageControllerTest.TestMethodTwo: line 156, column 1
06:45:01.631 (23978010369)|FATAL_ERROR|System.AssertException: Assertion Failed: Same value: 0

Class.BookOrderPageController.addToShoppingCart: line 93, column 1
Class.BookOrderPageControllerTest.TestMethodTwo: line 156, column 1
06:45:01.631 (23978022457)|CODE_UNIT_FINISHED|BookOrderPageControllerTest.TestMethodTwo
06:45:01.631 (23980683529)|EXECUTION_FINISHED
