39.0 APEX_CODE,DEBUG;APEX_PROFILING,NONE;CALLOUT,NONE;DB,NONE;SYSTEM,NONE;VALIDATION,NONE;VISUALFORCE,NONE;WAVE,NONE;WORKFLOW,NONE
06:30:09.1 (1113707)|USER_INFO|[EXTERNAL]|005410000028GkS|candidate@829258advdev.com.devbox|Pacific Standard Time|GMT-08:00
06:30:09.1 (1170898)|EXECUTION_STARTED
06:30:09.1 (1176613)|CODE_UNIT_STARTED|[EXTERNAL]|01p11000000FzFc|BookOrderPageControllerTest.TestMethodFour
06:30:12.794 (3794531207)|CODE_UNIT_STARTED|[EXTERNAL]|Workflow:Product2
06:30:12.794 (4065529482)|CODE_UNIT_FINISHED|Workflow:Product2
06:30:12.794 (4216350172)|CODE_UNIT_STARTED|[EXTERNAL]|Workflow:Product2
06:30:12.794 (4360839458)|CODE_UNIT_FINISHED|Workflow:Product2
06:30:13.917 (4917638222)|CODE_UNIT_STARTED|[EXTERNAL]|Workflow:Product2
06:30:13.917 (5201204467)|CODE_UNIT_FINISHED|Workflow:Product2
06:30:13.917 (5485205646)|CODE_UNIT_STARTED|[EXTERNAL]|Workflow:Product2
06:30:13.917 (5796605614)|CODE_UNIT_FINISHED|Workflow:Product2
06:30:15.121 (6121074676)|CODE_UNIT_STARTED|[EXTERNAL]|Workflow:Product2
06:30:15.121 (6377255345)|CODE_UNIT_FINISHED|Workflow:Product2
06:30:16.385 (7385782235)|EXCEPTION_THROWN|[56]|System.AssertException: Assertion Failed: Expected: null, Actual: 0011100001LchB0AAJ
06:30:16.385 (7386082837)|FATAL_ERROR|System.AssertException: Assertion Failed: Expected: null, Actual: 0011100001LchB0AAJ

Class.BookOrderPageControllerTest: line 56, column 1
06:30:16.385 (7386092258)|FATAL_ERROR|System.AssertException: Assertion Failed: Expected: null, Actual: 0011100001LchB0AAJ

Class.BookOrderPageControllerTest: line 56, column 1
06:30:16.385 (7386102641)|CODE_UNIT_FINISHED|BookOrderPageControllerTest.TestMethodFour
06:30:16.385 (7387731537)|EXECUTION_FINISHED
06:30:17.751 (8751380324)|USER_INFO|[EXTERNAL]|005410000028GkS|candidate@829258advdev.com.devbox|Pacific Standard Time|GMT-08:00
06:30:17.751 (8751398993)|EXECUTION_STARTED
06:30:17.751 (8751402923)|CODE_UNIT_STARTED|[EXTERNAL]|01p11000000FzFc|BookOrderPageControllerTest.TestMethodOne
06:30:21.294 (12294862534)|CODE_UNIT_STARTED|[EXTERNAL]|Workflow:Product2
06:30:21.294 (12602834859)|CODE_UNIT_FINISHED|Workflow:Product2
06:30:21.294 (12731374790)|CODE_UNIT_STARTED|[EXTERNAL]|Workflow:Product2
06:30:21.294 (12864869165)|CODE_UNIT_FINISHED|Workflow:Product2
06:30:21.294 (13165303909)|CODE_UNIT_STARTED|[EXTERNAL]|Workflow:Product2
06:30:22.453 (13453782211)|CODE_UNIT_FINISHED|Workflow:Product2
06:30:22.453 (13730848314)|CODE_UNIT_STARTED|[EXTERNAL]|Workflow:Product2
06:30:22.453 (14011834708)|CODE_UNIT_FINISHED|Workflow:Product2
06:30:22.453 (14332101455)|CODE_UNIT_STARTED|[EXTERNAL]|Workflow:Product2
06:30:23.663 (14663409120)|CODE_UNIT_FINISHED|Workflow:Product2
06:30:24.858 (15858596807)|EXCEPTION_THROWN|[56]|System.AssertException: Assertion Failed: Expected: null, Actual: 0011100001LchMKAAZ
06:30:24.858 (15858876924)|FATAL_ERROR|System.AssertException: Assertion Failed: Expected: null, Actual: 0011100001LchMKAAZ

Class.BookOrderPageControllerTest: line 56, column 1
06:30:24.858 (15858891038)|FATAL_ERROR|System.AssertException: Assertion Failed: Expected: null, Actual: 0011100001LchMKAAZ

Class.BookOrderPageControllerTest: line 56, column 1
06:30:24.858 (15858905555)|CODE_UNIT_FINISHED|BookOrderPageControllerTest.TestMethodOne
06:30:24.858 (15860830697)|EXECUTION_FINISHED
06:30:26.266 (17266601519)|USER_INFO|[EXTERNAL]|005410000028GkS|candidate@829258advdev.com.devbox|Pacific Standard Time|GMT-08:00
06:30:26.266 (17266624595)|EXECUTION_STARTED
06:30:26.266 (17266628420)|CODE_UNIT_STARTED|[EXTERNAL]|01p11000000FzFc|BookOrderPageControllerTest.TestMethodTwo
06:30:29.743 (20743446893)|CODE_UNIT_STARTED|[EXTERNAL]|Workflow:Product2
06:30:29.743 (21053995894)|CODE_UNIT_FINISHED|Workflow:Product2
06:30:29.743 (21198746386)|CODE_UNIT_STARTED|[EXTERNAL]|Workflow:Product2
06:30:29.743 (21352396417)|CODE_UNIT_FINISHED|Workflow:Product2
06:30:29.743 (21635159412)|CODE_UNIT_STARTED|[EXTERNAL]|Workflow:Product2
06:30:30.899 (21899520831)|CODE_UNIT_FINISHED|Workflow:Product2
06:30:30.899 (22195275632)|CODE_UNIT_STARTED|[EXTERNAL]|Workflow:Product2
06:30:30.899 (22455416872)|CODE_UNIT_FINISHED|Workflow:Product2
06:30:30.899 (22711497627)|CODE_UNIT_STARTED|[EXTERNAL]|Workflow:Product2
06:30:31.974 (22974799056)|CODE_UNIT_FINISHED|Workflow:Product2
06:30:31.974 (23876838699)|EXCEPTION_THROWN|[56]|System.AssertException: Assertion Failed: Expected: null, Actual: 0011100001LchXGAAZ
06:30:31.974 (23877007714)|FATAL_ERROR|System.AssertException: Assertion Failed: Expected: null, Actual: 0011100001LchXGAAZ

Class.BookOrderPageControllerTest: line 56, column 1
06:30:31.974 (23877017286)|FATAL_ERROR|System.AssertException: Assertion Failed: Expected: null, Actual: 0011100001LchXGAAZ

Class.BookOrderPageControllerTest: line 56, column 1
06:30:31.974 (23877027657)|CODE_UNIT_FINISHED|BookOrderPageControllerTest.TestMethodTwo
06:30:31.974 (23878684908)|EXECUTION_FINISHED
