39.0 APEX_CODE,DEBUG;APEX_PROFILING,NONE;CALLOUT,NONE;DB,NONE;SYSTEM,NONE;VALIDATION,NONE;VISUALFORCE,NONE;WAVE,NONE;WORKFLOW,NONE
05:44:17.0 (720436)|USER_INFO|[EXTERNAL]|005410000028GkS|candidate@829258advdev.com.devbox|Pacific Standard Time|GMT-08:00
05:44:17.0 (756250)|EXECUTION_STARTED
05:44:17.0 (761537)|CODE_UNIT_STARTED|[EXTERNAL]|01p11000000Fz9e|BookListControllerTest.TestMethodOne
05:44:20.984 (3984676072)|CODE_UNIT_STARTED|[EXTERNAL]|Workflow:Product2
05:44:20.984 (4250660879)|CODE_UNIT_FINISHED|Workflow:Product2
05:44:20.984 (4523848712)|CODE_UNIT_STARTED|[EXTERNAL]|Workflow:Product2
05:44:20.984 (4662548271)|CODE_UNIT_FINISHED|Workflow:Product2
05:44:22.39 (5039428112)|CODE_UNIT_STARTED|[EXTERNAL]|Workflow:Product2
05:44:22.39 (5282857297)|CODE_UNIT_FINISHED|Workflow:Product2
05:44:22.39 (5721600533)|CODE_UNIT_STARTED|[EXTERNAL]|Workflow:Product2
05:44:22.39 (6014210399)|CODE_UNIT_FINISHED|Workflow:Product2
05:44:23.438 (6438636775)|CODE_UNIT_STARTED|[EXTERNAL]|Workflow:Product2
05:44:23.438 (6731882414)|CODE_UNIT_FINISHED|Workflow:Product2
05:44:23.438 (7007684318)|EXCEPTION_THROWN|[64]|System.AssertException: Assertion Failed: Same value: null
05:44:23.438 (7008416306)|FATAL_ERROR|System.AssertException: Assertion Failed: Same value: null

Class.BookListControllerTest: line 64, column 1
05:44:23.438 (7008427335)|FATAL_ERROR|System.AssertException: Assertion Failed: Same value: null

Class.BookListControllerTest: line 64, column 1
05:44:23.438 (7008438222)|CODE_UNIT_FINISHED|BookListControllerTest.TestMethodOne
05:44:23.438 (7010191972)|EXECUTION_FINISHED
