39.0 APEX_CODE,DEBUG;APEX_PROFILING,NONE;CALLOUT,NONE;DB,NONE;SYSTEM,NONE;VALIDATION,NONE;VISUALFORCE,NONE;WAVE,NONE;WORKFLOW,NONE
06:36:45.1 (1314708)|USER_INFO|[EXTERNAL]|005410000028GkS|candidate@829258advdev.com.devbox|Pacific Standard Time|GMT-08:00
06:36:45.1 (1363231)|EXECUTION_STARTED
06:36:45.1 (1368016)|CODE_UNIT_STARTED|[EXTERNAL]|01p11000000FzFc|BookOrderPageControllerTest.TestMethodFour
06:36:49.344 (4344289572)|CODE_UNIT_STARTED|[EXTERNAL]|Workflow:Product2
06:36:49.344 (4662594595)|CODE_UNIT_FINISHED|Workflow:Product2
06:36:49.344 (4924440890)|CODE_UNIT_STARTED|[EXTERNAL]|Workflow:Product2
06:36:49.344 (5081422180)|CODE_UNIT_FINISHED|Workflow:Product2
06:36:50.478 (5478712762)|CODE_UNIT_STARTED|[EXTERNAL]|Workflow:Product2
06:36:50.478 (5783976436)|CODE_UNIT_FINISHED|Workflow:Product2
06:36:50.478 (6239109723)|CODE_UNIT_STARTED|[EXTERNAL]|Workflow:Product2
06:36:51.561 (6561209449)|CODE_UNIT_FINISHED|Workflow:Product2
06:36:51.561 (7058072867)|CODE_UNIT_STARTED|[EXTERNAL]|Workflow:Product2
06:36:51.561 (7367323060)|CODE_UNIT_FINISHED|Workflow:Product2
06:36:53.267 (8267177305)|CODE_UNIT_STARTED|[EXTERNAL]|Workflow:Contact
06:36:53.267 (8319967350)|CODE_UNIT_FINISHED|Workflow:Contact
06:36:53.267 (8376260197)|EXCEPTION_THROWN|[60]|System.AssertException: Assertion Failed: Same value: 0011100001Lci9hAAB
06:36:53.267 (8376489847)|FATAL_ERROR|System.AssertException: Assertion Failed: Same value: 0011100001Lci9hAAB

Class.BookOrderPageControllerTest: line 60, column 1
06:36:53.267 (8376498349)|FATAL_ERROR|System.AssertException: Assertion Failed: Same value: 0011100001Lci9hAAB

Class.BookOrderPageControllerTest: line 60, column 1
06:36:53.267 (8376506353)|CODE_UNIT_FINISHED|BookOrderPageControllerTest.TestMethodFour
06:36:53.267 (8378756505)|EXECUTION_FINISHED
06:36:54.701 (9701238616)|USER_INFO|[EXTERNAL]|005410000028GkS|candidate@829258advdev.com.devbox|Pacific Standard Time|GMT-08:00
06:36:54.701 (9701260414)|EXECUTION_STARTED
06:36:54.701 (9701263695)|CODE_UNIT_STARTED|[EXTERNAL]|01p11000000FzFc|BookOrderPageControllerTest.TestMethodOne
06:36:58.252 (13252392860)|CODE_UNIT_STARTED|[EXTERNAL]|Workflow:Product2
06:36:58.252 (13506337176)|CODE_UNIT_FINISHED|Workflow:Product2
06:36:58.252 (13636618668)|CODE_UNIT_STARTED|[EXTERNAL]|Workflow:Product2
06:36:58.252 (13763880954)|CODE_UNIT_FINISHED|Workflow:Product2
06:36:58.252 (14053391110)|CODE_UNIT_STARTED|[EXTERNAL]|Workflow:Product2
06:36:59.325 (14325963858)|CODE_UNIT_FINISHED|Workflow:Product2
06:36:59.325 (14610882774)|CODE_UNIT_STARTED|[EXTERNAL]|Workflow:Product2
06:36:59.325 (14882767716)|CODE_UNIT_FINISHED|Workflow:Product2
06:36:59.325 (15303187700)|CODE_UNIT_STARTED|[EXTERNAL]|Workflow:Product2
06:37:00.623 (15623738692)|CODE_UNIT_FINISHED|Workflow:Product2
06:37:00.623 (16510547443)|CODE_UNIT_STARTED|[EXTERNAL]|Workflow:Contact
06:37:00.623 (16540781022)|CODE_UNIT_FINISHED|Workflow:Contact
06:37:00.623 (16573483936)|EXCEPTION_THROWN|[60]|System.AssertException: Assertion Failed: Same value: 0011100001LciKqAAJ
06:37:00.623 (16573731140)|FATAL_ERROR|System.AssertException: Assertion Failed: Same value: 0011100001LciKqAAJ

Class.BookOrderPageControllerTest: line 60, column 1
06:37:00.623 (16573741766)|FATAL_ERROR|System.AssertException: Assertion Failed: Same value: 0011100001LciKqAAJ

Class.BookOrderPageControllerTest: line 60, column 1
06:37:00.623 (16573750933)|CODE_UNIT_FINISHED|BookOrderPageControllerTest.TestMethodOne
06:37:00.623 (16575915744)|EXECUTION_FINISHED
06:37:02.972 (17972270987)|USER_INFO|[EXTERNAL]|005410000028GkS|candidate@829258advdev.com.devbox|Pacific Standard Time|GMT-08:00
06:37:02.972 (17972293170)|EXECUTION_STARTED
06:37:02.972 (17972298366)|CODE_UNIT_STARTED|[EXTERNAL]|01p11000000FzFc|BookOrderPageControllerTest.TestMethodTwo
06:37:06.398 (21398408257)|CODE_UNIT_STARTED|[EXTERNAL]|Workflow:Product2
06:37:06.398 (21709495260)|CODE_UNIT_FINISHED|Workflow:Product2
06:37:06.398 (21839137519)|CODE_UNIT_STARTED|[EXTERNAL]|Workflow:Product2
06:37:06.398 (21989898765)|CODE_UNIT_FINISHED|Workflow:Product2
06:37:06.398 (22318901283)|CODE_UNIT_STARTED|[EXTERNAL]|Workflow:Product2
06:37:07.565 (22565991178)|CODE_UNIT_FINISHED|Workflow:Product2
06:37:07.565 (22821410002)|CODE_UNIT_STARTED|[EXTERNAL]|Workflow:Product2
06:37:07.565 (23272512312)|CODE_UNIT_FINISHED|Workflow:Product2
06:37:08.657 (23657261571)|CODE_UNIT_STARTED|[EXTERNAL]|Workflow:Product2
06:37:08.657 (23979608592)|CODE_UNIT_FINISHED|Workflow:Product2
06:37:09.839 (24839068248)|CODE_UNIT_STARTED|[EXTERNAL]|Workflow:Contact
06:37:09.839 (24864633580)|CODE_UNIT_FINISHED|Workflow:Contact
06:37:09.839 (24903472889)|EXCEPTION_THROWN|[60]|System.AssertException: Assertion Failed: Same value: 0011100001LciVyAAJ
06:37:09.839 (24903607348)|FATAL_ERROR|System.AssertException: Assertion Failed: Same value: 0011100001LciVyAAJ

Class.BookOrderPageControllerTest: line 60, column 1
06:37:09.839 (24903618409)|FATAL_ERROR|System.AssertException: Assertion Failed: Same value: 0011100001LciVyAAJ

Class.BookOrderPageControllerTest: line 60, column 1
06:37:09.839 (24903626800)|CODE_UNIT_FINISHED|BookOrderPageControllerTest.TestMethodTwo
06:37:09.839 (24905894322)|EXECUTION_FINISHED
