39.0 APEX_CODE,DEBUG;APEX_PROFILING,NONE;CALLOUT,NONE;DB,NONE;SYSTEM,NONE;VALIDATION,NONE;VISUALFORCE,NONE;WAVE,NONE;WORKFLOW,NONE
06:42:26.0 (843908)|USER_INFO|[EXTERNAL]|005410000028GkS|candidate@829258advdev.com.devbox|Pacific Standard Time|GMT-08:00
06:42:26.0 (889424)|EXECUTION_STARTED
06:42:26.0 (893097)|CODE_UNIT_STARTED|[EXTERNAL]|01p11000000FzFc|BookOrderPageControllerTest.TestMethodFour
06:42:29.252 (3252755086)|CODE_UNIT_STARTED|[EXTERNAL]|Workflow:Product2
06:42:29.252 (3513981890)|CODE_UNIT_FINISHED|Workflow:Product2
06:42:29.252 (3639532955)|CODE_UNIT_STARTED|[EXTERNAL]|Workflow:Product2
06:42:29.252 (3767808958)|CODE_UNIT_FINISHED|Workflow:Product2
06:42:29.252 (4046667486)|CODE_UNIT_STARTED|[EXTERNAL]|Workflow:Product2
06:42:30.289 (4289562531)|CODE_UNIT_FINISHED|Workflow:Product2
06:42:30.289 (4537273195)|CODE_UNIT_STARTED|[EXTERNAL]|Workflow:Product2
06:42:30.289 (4787424192)|CODE_UNIT_FINISHED|Workflow:Product2
06:42:30.289 (5026760242)|CODE_UNIT_STARTED|[EXTERNAL]|Workflow:Product2
06:42:31.295 (5295728475)|CODE_UNIT_FINISHED|Workflow:Product2
06:42:31.295 (6085912095)|CODE_UNIT_STARTED|[EXTERNAL]|Workflow:Contact
06:42:31.295 (6125220860)|CODE_UNIT_FINISHED|Workflow:Contact
06:42:31.295 (6186124402)|USER_DEBUG|[62]|DEBUG|test(Product2:{Id=01t11000006gGt8AAE, Name=Book_30}, Product2:{Id=01t11000006gGt9AAE, Name=Book_31}, Product2:{Id=01t11000006gGtAAAU, Name=Book_32}, Product2:{Id=01t11000006gGtBAAU, Name=Book_33}, Product2:{Id=01t11000006gGtCAAU, Name=Book_34}, Product2:{Id=01t11000006gGtDAAU, Name=Book_35}, Product2:{Id=01t11000006gGtEAAU, Name=Book_36}, Product2:{Id=01t11000006gGtFAAU, Name=Book_37}, Product2:{Id=01t11000006gGtGAAU, Name=Book_38}, Product2:{Id=01t11000006gGtHAAU, Name=Book_39}, ...)
06:42:31.295 (6195101651)|VF_PAGE_MESSAGE|Book Order ID is Missing
06:42:31.295 (6197713435)|CODE_UNIT_FINISHED|BookOrderPageControllerTest.TestMethodFour
06:42:31.295 (6199015178)|EXECUTION_FINISHED
06:42:33.339 (7339319656)|USER_INFO|[EXTERNAL]|005410000028GkS|candidate@829258advdev.com.devbox|Pacific Standard Time|GMT-08:00
06:42:33.339 (7339351832)|EXECUTION_STARTED
06:42:33.339 (7339356027)|CODE_UNIT_STARTED|[EXTERNAL]|01p11000000FzFc|BookOrderPageControllerTest.TestMethodOne
06:42:36.505 (10505688527)|CODE_UNIT_STARTED|[EXTERNAL]|Workflow:Product2
06:42:36.505 (10781806011)|CODE_UNIT_FINISHED|Workflow:Product2
06:42:36.505 (10900720230)|CODE_UNIT_STARTED|[EXTERNAL]|Workflow:Product2
06:42:36.505 (11031325488)|CODE_UNIT_FINISHED|Workflow:Product2
06:42:36.505 (11308753645)|CODE_UNIT_STARTED|[EXTERNAL]|Workflow:Product2
06:42:37.583 (11583660605)|CODE_UNIT_FINISHED|Workflow:Product2
06:42:37.583 (11833309225)|CODE_UNIT_STARTED|[EXTERNAL]|Workflow:Product2
06:42:37.583 (12086506436)|CODE_UNIT_FINISHED|Workflow:Product2
06:42:37.583 (12404328159)|CODE_UNIT_STARTED|[EXTERNAL]|Workflow:Product2
06:42:38.724 (12724113923)|CODE_UNIT_FINISHED|Workflow:Product2
06:42:38.724 (13500743612)|CODE_UNIT_STARTED|[EXTERNAL]|Workflow:Contact
06:42:38.724 (13523643153)|CODE_UNIT_FINISHED|Workflow:Contact
06:42:38.724 (13575829166)|USER_DEBUG|[62]|DEBUG|test(Product2:{Id=01t11000006gH7eAAE, Name=Book_30}, Product2:{Id=01t11000006gH7fAAE, Name=Book_31}, Product2:{Id=01t11000006gH7gAAE, Name=Book_32}, Product2:{Id=01t11000006gH7hAAE, Name=Book_33}, Product2:{Id=01t11000006gH7iAAE, Name=Book_34}, Product2:{Id=01t11000006gH7jAAE, Name=Book_35}, Product2:{Id=01t11000006gH7kAAE, Name=Book_36}, Product2:{Id=01t11000006gH7lAAE, Name=Book_37}, Product2:{Id=01t11000006gH7mAAE, Name=Book_38}, Product2:{Id=01t11000006gH7nAAE, Name=Book_39}, ...)
06:42:38.724 (13575981516)|USER_DEBUG|[72]|DEBUG|lstPrd 300
06:42:38.724 (13594228606)|USER_DEBUG|[78]|DEBUG|Test dataBook_Order__c:{Id=a001100000DbFT7AAN, Name=order_2, Contact__c=0031100001FvNAcAAN}
06:42:38.724 (13644482244)|EXCEPTION_THROWN|[93]|System.AssertException: Assertion Failed: Same value: 0
06:42:38.724 (13644644589)|FATAL_ERROR|System.AssertException: Assertion Failed: Same value: 0

Class.BookOrderPageController.addToShoppingCart: line 93, column 1
Class.BookOrderPageControllerTest.TestMethodOne: line 93, column 1
06:42:38.724 (13644657463)|FATAL_ERROR|System.AssertException: Assertion Failed: Same value: 0

Class.BookOrderPageController.addToShoppingCart: line 93, column 1
Class.BookOrderPageControllerTest.TestMethodOne: line 93, column 1
06:42:38.724 (13644667728)|CODE_UNIT_FINISHED|BookOrderPageControllerTest.TestMethodOne
06:42:38.724 (13646712124)|EXECUTION_FINISHED
06:42:40.837 (14837640569)|USER_INFO|[EXTERNAL]|005410000028GkS|candidate@829258advdev.com.devbox|Pacific Standard Time|GMT-08:00
06:42:40.837 (14837670742)|EXECUTION_STARTED
06:42:40.837 (14837676487)|CODE_UNIT_STARTED|[EXTERNAL]|01p11000000FzFc|BookOrderPageControllerTest.TestMethodTwo
06:42:44.151 (18151581116)|CODE_UNIT_STARTED|[EXTERNAL]|Workflow:Product2
06:42:44.151 (18384853125)|CODE_UNIT_FINISHED|Workflow:Product2
06:42:44.151 (18505696971)|CODE_UNIT_STARTED|[EXTERNAL]|Workflow:Product2
06:42:44.151 (18633062049)|CODE_UNIT_FINISHED|Workflow:Product2
06:42:44.151 (18903295958)|CODE_UNIT_STARTED|[EXTERNAL]|Workflow:Product2
06:42:44.151 (19138386091)|CODE_UNIT_FINISHED|Workflow:Product2
06:42:45.399 (19399688322)|CODE_UNIT_STARTED|[EXTERNAL]|Workflow:Product2
06:42:45.399 (19678730583)|CODE_UNIT_FINISHED|Workflow:Product2
06:42:45.399 (19950344012)|CODE_UNIT_STARTED|[EXTERNAL]|Workflow:Product2
06:42:45.399 (20247053509)|CODE_UNIT_FINISHED|Workflow:Product2
06:42:47.110 (21110888782)|CODE_UNIT_STARTED|[EXTERNAL]|Workflow:Contact
06:42:47.110 (21136610975)|CODE_UNIT_FINISHED|Workflow:Contact
06:42:47.110 (21193507466)|USER_DEBUG|[62]|DEBUG|test(Product2:{Id=01t11000006gHMAAA2, Name=Book_30}, Product2:{Id=01t11000006gHMBAA2, Name=Book_31}, Product2:{Id=01t11000006gHMCAA2, Name=Book_32}, Product2:{Id=01t11000006gHMDAA2, Name=Book_33}, Product2:{Id=01t11000006gHMEAA2, Name=Book_34}, Product2:{Id=01t11000006gHMFAA2, Name=Book_35}, Product2:{Id=01t11000006gHMGAA2, Name=Book_36}, Product2:{Id=01t11000006gHMHAA2, Name=Book_37}, Product2:{Id=01t11000006gHMIAA2, Name=Book_38}, Product2:{Id=01t11000006gHMJAA2, Name=Book_39}, ...)
06:42:47.110 (21480468751)|EXCEPTION_THROWN|[93]|System.AssertException: Assertion Failed: Same value: 0
06:42:47.110 (21480615903)|FATAL_ERROR|System.AssertException: Assertion Failed: Same value: 0

Class.BookOrderPageController.addToShoppingCart: line 93, column 1
Class.BookOrderPageControllerTest.TestMethodTwo: line 156, column 1
06:42:47.110 (21480625492)|FATAL_ERROR|System.AssertException: Assertion Failed: Same value: 0

Class.BookOrderPageController.addToShoppingCart: line 93, column 1
Class.BookOrderPageControllerTest.TestMethodTwo: line 156, column 1
06:42:47.110 (21480635212)|CODE_UNIT_FINISHED|BookOrderPageControllerTest.TestMethodTwo
06:42:47.110 (21482807289)|EXECUTION_FINISHED
