39.0 APEX_CODE,DEBUG;APEX_PROFILING,NONE;CALLOUT,NONE;DB,NONE;SYSTEM,NONE;VALIDATION,NONE;VISUALFORCE,NONE;WAVE,NONE;WORKFLOW,NONE
05:30:34.0 (904209)|USER_INFO|[EXTERNAL]|005410000028GkS|candidate@829258advdev.com.devbox|Pacific Standard Time|GMT-08:00
05:30:34.0 (946639)|EXECUTION_STARTED
05:30:34.0 (950734)|CODE_UNIT_STARTED|[EXTERNAL]|01p11000000Fz9e|BookListControllerTest.TestMethodOne
05:30:37.234 (3234655066)|CODE_UNIT_STARTED|[EXTERNAL]|Workflow:Product2
05:30:37.234 (3510533380)|CODE_UNIT_FINISHED|Workflow:Product2
05:30:37.234 (3660257835)|CODE_UNIT_STARTED|[EXTERNAL]|Workflow:Product2
05:30:37.234 (3782341934)|CODE_UNIT_FINISHED|Workflow:Product2
05:30:37.234 (4086180188)|CODE_UNIT_STARTED|[EXTERNAL]|Workflow:Product2
05:30:38.328 (4328273706)|CODE_UNIT_FINISHED|Workflow:Product2
05:30:38.328 (4564590671)|CODE_UNIT_STARTED|[EXTERNAL]|Workflow:Product2
05:30:38.328 (4830317178)|CODE_UNIT_FINISHED|Workflow:Product2
05:30:38.328 (5084060005)|CODE_UNIT_STARTED|[EXTERNAL]|Workflow:Product2
05:30:39.438 (5438881971)|CODE_UNIT_FINISHED|Workflow:Product2
05:30:39.438 (5727108635)|EXCEPTION_THROWN|[62]|System.AssertException: Assertion Failed: Same value: null
05:30:39.438 (5727294157)|FATAL_ERROR|System.AssertException: Assertion Failed: Same value: null

Class.BookListControllerTest: line 62, column 1
05:30:39.438 (5727302830)|FATAL_ERROR|System.AssertException: Assertion Failed: Same value: null

Class.BookListControllerTest: line 62, column 1
05:30:39.438 (5727311062)|CODE_UNIT_FINISHED|BookListControllerTest.TestMethodOne
05:30:39.438 (5728893879)|EXECUTION_FINISHED
