39.0 APEX_CODE,DEBUG;APEX_PROFILING,NONE;CALLOUT,NONE;DB,NONE;SYSTEM,NONE;VALIDATION,NONE;VISUALFORCE,NONE;WAVE,NONE;WORKFLOW,NONE
05:56:15.0 (838050)|USER_INFO|[EXTERNAL]|005410000028GkS|candidate@829258advdev.com.devbox|Pacific Standard Time|GMT-08:00
05:56:15.0 (872556)|EXECUTION_STARTED
05:56:15.0 (877909)|CODE_UNIT_STARTED|[EXTERNAL]|01p11000000Fz9e|BookListControllerTest.TestMethodOne
05:56:18.742 (3742452521)|CODE_UNIT_STARTED|[EXTERNAL]|Workflow:Product2
05:56:18.742 (4053545726)|CODE_UNIT_FINISHED|Workflow:Product2
05:56:18.742 (4406934616)|CODE_UNIT_STARTED|[EXTERNAL]|Workflow:Product2
05:56:18.742 (4662700707)|CODE_UNIT_FINISHED|Workflow:Product2
05:56:19.837 (4837101002)|CODE_UNIT_STARTED|[EXTERNAL]|Workflow:Product2
05:56:19.837 (5054318602)|CODE_UNIT_FINISHED|Workflow:Product2
05:56:19.837 (5411333992)|CODE_UNIT_STARTED|[EXTERNAL]|Workflow:Product2
05:56:19.837 (5652691213)|CODE_UNIT_FINISHED|Workflow:Product2
05:56:20.943 (5943073768)|CODE_UNIT_STARTED|[EXTERNAL]|Workflow:Product2
05:56:20.943 (6210792331)|CODE_UNIT_FINISHED|Workflow:Product2
05:56:20.943 (6629041576)|CODE_UNIT_STARTED|[EXTERNAL]|Workflow:Product2
05:56:20.943 (6872588181)|CODE_UNIT_FINISHED|Workflow:Product2
05:56:22.269 (7269804981)|CODE_UNIT_STARTED|[EXTERNAL]|Workflow:Product2
05:56:22.269 (7569003719)|CODE_UNIT_FINISHED|Workflow:Product2
05:56:22.269 (7988539184)|CODE_UNIT_STARTED|[EXTERNAL]|Workflow:Product2
05:56:23.359 (8359190425)|CODE_UNIT_FINISHED|Workflow:Product2
05:56:23.359 (8727055553)|CODE_UNIT_STARTED|[EXTERNAL]|Workflow:Product2
05:56:23.359 (9059383028)|CODE_UNIT_FINISHED|Workflow:Product2
05:56:23.359 (9339763800)|EXCEPTION_THROWN|[65]|System.AssertException: Assertion Failed: Same value: null
05:56:23.359 (9340089759)|FATAL_ERROR|System.AssertException: Assertion Failed: Same value: null

Class.BookListControllerTest: line 65, column 1
05:56:23.359 (9340099918)|FATAL_ERROR|System.AssertException: Assertion Failed: Same value: null

Class.BookListControllerTest: line 65, column 1
05:56:23.359 (9340108134)|CODE_UNIT_FINISHED|BookListControllerTest.TestMethodOne
05:56:23.359 (9341979598)|EXECUTION_FINISHED
