39.0 APEX_CODE,DEBUG;APEX_PROFILING,NONE;CALLOUT,NONE;DB,NONE;SYSTEM,NONE;VALIDATION,NONE;VISUALFORCE,NONE;WAVE,NONE;WORKFLOW,NONE
06:29:22.0 (707615)|USER_INFO|[EXTERNAL]|005410000028GkS|candidate@829258advdev.com.devbox|Pacific Standard Time|GMT-08:00
06:29:22.0 (739556)|EXECUTION_STARTED
06:29:22.0 (743099)|CODE_UNIT_STARTED|[EXTERNAL]|01p11000000FzFc|BookOrderPageControllerTest.TestMethodFour
06:29:26.318 (4318095063)|CODE_UNIT_STARTED|[EXTERNAL]|Workflow:Product2
06:29:26.318 (4576475185)|CODE_UNIT_FINISHED|Workflow:Product2
06:29:26.318 (4802007794)|CODE_UNIT_STARTED|[EXTERNAL]|Workflow:Product2
06:29:26.318 (4954268695)|CODE_UNIT_FINISHED|Workflow:Product2
06:29:26.318 (5298442776)|CODE_UNIT_STARTED|[EXTERNAL]|Workflow:Product2
06:29:27.583 (5583493494)|CODE_UNIT_FINISHED|Workflow:Product2
06:29:27.583 (5936716097)|CODE_UNIT_STARTED|[EXTERNAL]|Workflow:Product2
06:29:27.583 (6198799188)|CODE_UNIT_FINISHED|Workflow:Product2
06:29:27.583 (6548165084)|CODE_UNIT_STARTED|[EXTERNAL]|Workflow:Product2
06:29:28.787 (6787623486)|CODE_UNIT_FINISHED|Workflow:Product2
06:29:29.791 (7791863011)|CODE_UNIT_STARTED|[EXTERNAL]|Workflow:Contact
06:29:29.791 (7833318205)|CODE_UNIT_FINISHED|Workflow:Contact
06:29:29.791 (7889223502)|VF_PAGE_MESSAGE|Book Order ID is Missing
06:29:29.791 (7891440844)|CODE_UNIT_FINISHED|BookOrderPageControllerTest.TestMethodFour
06:29:29.791 (7892584447)|EXECUTION_FINISHED
06:29:31.299 (9299525467)|USER_INFO|[EXTERNAL]|005410000028GkS|candidate@829258advdev.com.devbox|Pacific Standard Time|GMT-08:00
06:29:31.299 (9299546126)|EXECUTION_STARTED
06:29:31.299 (9299550135)|CODE_UNIT_STARTED|[EXTERNAL]|01p11000000FzFc|BookOrderPageControllerTest.TestMethodOne
06:29:35.215 (13215825675)|CODE_UNIT_STARTED|[EXTERNAL]|Workflow:Product2
06:29:35.215 (13495960916)|CODE_UNIT_FINISHED|Workflow:Product2
06:29:35.215 (13630521127)|CODE_UNIT_STARTED|[EXTERNAL]|Workflow:Product2
06:29:35.215 (13777943696)|CODE_UNIT_FINISHED|Workflow:Product2
06:29:35.215 (14060639363)|CODE_UNIT_STARTED|[EXTERNAL]|Workflow:Product2
06:29:36.355 (14355031729)|CODE_UNIT_FINISHED|Workflow:Product2
06:29:36.355 (14634614888)|CODE_UNIT_STARTED|[EXTERNAL]|Workflow:Product2
06:29:36.355 (14886167729)|CODE_UNIT_FINISHED|Workflow:Product2
06:29:36.355 (15209462313)|CODE_UNIT_STARTED|[EXTERNAL]|Workflow:Product2
06:29:37.479 (15479910740)|CODE_UNIT_FINISHED|Workflow:Product2
06:29:39.896 (17896466589)|CODE_UNIT_STARTED|[EXTERNAL]|Workflow:Contact
06:29:39.896 (17926066735)|CODE_UNIT_FINISHED|Workflow:Contact
06:29:39.896 (17954953993)|USER_DEBUG|[68]|DEBUG|lstPrd 300
06:29:39.896 (17972077476)|USER_DEBUG|[74]|DEBUG|Test dataBook_Order__c:{Id=a001100000DbFSEAA3, Name=order_2, Contact__c=0031100001FvN9AAAV}
06:29:39.896 (18022168642)|EXCEPTION_THROWN|[93]|System.AssertException: Assertion Failed: Same value: 0
06:29:39.896 (18022315895)|FATAL_ERROR|System.AssertException: Assertion Failed: Same value: 0

Class.BookOrderPageController.addToShoppingCart: line 93, column 1
Class.BookOrderPageControllerTest.TestMethodOne: line 89, column 1
06:29:39.896 (18022324648)|FATAL_ERROR|System.AssertException: Assertion Failed: Same value: 0

Class.BookOrderPageController.addToShoppingCart: line 93, column 1
Class.BookOrderPageControllerTest.TestMethodOne: line 89, column 1
06:29:39.896 (18022335690)|CODE_UNIT_FINISHED|BookOrderPageControllerTest.TestMethodOne
06:29:39.896 (18025439205)|EXECUTION_FINISHED
06:29:41.445 (19445604363)|USER_INFO|[EXTERNAL]|005410000028GkS|candidate@829258advdev.com.devbox|Pacific Standard Time|GMT-08:00
06:29:41.445 (19445624887)|EXECUTION_STARTED
06:29:41.445 (19445628364)|CODE_UNIT_STARTED|[EXTERNAL]|01p11000000FzFc|BookOrderPageControllerTest.TestMethodTwo
06:29:45.117 (23117955488)|CODE_UNIT_STARTED|[EXTERNAL]|Workflow:Product2
06:29:45.117 (23449245408)|CODE_UNIT_FINISHED|Workflow:Product2
06:29:45.117 (23659893767)|CODE_UNIT_STARTED|[EXTERNAL]|Workflow:Product2
06:29:45.117 (23829734406)|CODE_UNIT_FINISHED|Workflow:Product2
06:29:46.140 (24140343231)|CODE_UNIT_STARTED|[EXTERNAL]|Workflow:Product2
06:29:46.140 (24436757019)|CODE_UNIT_FINISHED|Workflow:Product2
06:29:46.140 (24763091357)|CODE_UNIT_STARTED|[EXTERNAL]|Workflow:Product2
06:29:46.140 (25061333746)|CODE_UNIT_FINISHED|Workflow:Product2
06:29:47.343 (25343170925)|CODE_UNIT_STARTED|[EXTERNAL]|Workflow:Product2
06:29:47.343 (25622691121)|CODE_UNIT_FINISHED|Workflow:Product2
06:29:48.499 (26499577143)|CODE_UNIT_STARTED|[EXTERNAL]|Workflow:Contact
06:29:48.499 (26526660080)|CODE_UNIT_FINISHED|Workflow:Contact
06:29:48.499 (26816007008)|EXCEPTION_THROWN|[93]|System.AssertException: Assertion Failed: Same value: 0
06:29:48.499 (26816137679)|FATAL_ERROR|System.AssertException: Assertion Failed: Same value: 0

Class.BookOrderPageController.addToShoppingCart: line 93, column 1
Class.BookOrderPageControllerTest.TestMethodTwo: line 152, column 1
06:29:48.499 (26816145401)|FATAL_ERROR|System.AssertException: Assertion Failed: Same value: 0

Class.BookOrderPageController.addToShoppingCart: line 93, column 1
Class.BookOrderPageControllerTest.TestMethodTwo: line 152, column 1
06:29:48.499 (26816152547)|CODE_UNIT_FINISHED|BookOrderPageControllerTest.TestMethodTwo
06:29:48.499 (26818759878)|EXECUTION_FINISHED
