39.0 APEX_CODE,DEBUG;APEX_PROFILING,NONE;CALLOUT,NONE;DB,NONE;SYSTEM,NONE;VALIDATION,NONE;VISUALFORCE,NONE;WAVE,NONE;WORKFLOW,NONE
06:13:34.1 (1472752)|USER_INFO|[EXTERNAL]|005410000028GkS|candidate@829258advdev.com.devbox|Pacific Standard Time|GMT-08:00
06:13:34.1 (1515021)|EXECUTION_STARTED
06:13:34.1 (1521660)|CODE_UNIT_STARTED|[EXTERNAL]|01p11000000Fz9e|BookListControllerTest.TestMethodOne
06:13:37.993 (3993797165)|CODE_UNIT_STARTED|[EXTERNAL]|Workflow:Product2
06:13:37.993 (4249018770)|CODE_UNIT_FINISHED|Workflow:Product2
06:13:37.993 (4473017108)|CODE_UNIT_STARTED|[EXTERNAL]|Workflow:Product2
06:13:37.993 (4610140902)|CODE_UNIT_FINISHED|Workflow:Product2
06:13:37.993 (4949166278)|CODE_UNIT_STARTED|[EXTERNAL]|Workflow:Product2
06:13:39.179 (5179128680)|CODE_UNIT_FINISHED|Workflow:Product2
06:13:39.179 (5427568550)|CODE_UNIT_STARTED|[EXTERNAL]|Workflow:Product2
06:13:39.179 (5723335449)|CODE_UNIT_FINISHED|Workflow:Product2
06:13:39.179 (5999906732)|CODE_UNIT_STARTED|[EXTERNAL]|Workflow:Product2
06:13:40.248 (6248264308)|CODE_UNIT_FINISHED|Workflow:Product2
06:13:40.248 (6514895076)|EXCEPTION_THROWN|[67]|System.AssertException: Assertion Failed: Same value: null
06:13:40.248 (6515081749)|FATAL_ERROR|System.AssertException: Assertion Failed: Same value: null

Class.BookListControllerTest: line 67, column 1
06:13:40.248 (6515091870)|FATAL_ERROR|System.AssertException: Assertion Failed: Same value: null

Class.BookListControllerTest: line 67, column 1
06:13:40.248 (6515099366)|CODE_UNIT_FINISHED|BookListControllerTest.TestMethodOne
06:13:40.248 (6516522224)|EXECUTION_FINISHED
