39.0 APEX_CODE,DEBUG;APEX_PROFILING,NONE;CALLOUT,NONE;DB,NONE;SYSTEM,NONE;VALIDATION,NONE;VISUALFORCE,NONE;WAVE,NONE;WORKFLOW,NONE
06:25:12.1 (1930065)|USER_INFO|[EXTERNAL]|005410000028GkS|candidate@829258advdev.com.devbox|Pacific Standard Time|GMT-08:00
06:25:12.1 (1967815)|EXECUTION_STARTED
06:25:12.1 (1971984)|CODE_UNIT_STARTED|[EXTERNAL]|01p11000000FzFc|BookOrderPageControllerTest.TestMethodFour
06:25:16.280 (4280213450)|CODE_UNIT_STARTED|[EXTERNAL]|Workflow:Product2
06:25:16.280 (4571303068)|CODE_UNIT_FINISHED|Workflow:Product2
06:25:16.280 (4812173002)|CODE_UNIT_STARTED|[EXTERNAL]|Workflow:Product2
06:25:16.280 (4971496627)|CODE_UNIT_FINISHED|Workflow:Product2
06:25:17.330 (5330176924)|CODE_UNIT_STARTED|[EXTERNAL]|Workflow:Product2
06:25:17.330 (5624274132)|CODE_UNIT_FINISHED|Workflow:Product2
06:25:17.330 (5990517839)|CODE_UNIT_STARTED|[EXTERNAL]|Workflow:Product2
06:25:17.330 (6306919121)|CODE_UNIT_FINISHED|Workflow:Product2
06:25:18.822 (6822274207)|CODE_UNIT_STARTED|[EXTERNAL]|Workflow:Product2
06:25:18.822 (7149894821)|CODE_UNIT_FINISHED|Workflow:Product2
06:25:20.22 (8022264464)|CODE_UNIT_STARTED|[EXTERNAL]|Workflow:Contact
06:25:20.22 (8074179180)|CODE_UNIT_FINISHED|Workflow:Contact
06:25:20.22 (8145192410)|VF_PAGE_MESSAGE|Book Order ID is Missing
06:25:20.22 (8147280271)|CODE_UNIT_FINISHED|BookOrderPageControllerTest.TestMethodFour
06:25:20.22 (8148354787)|EXECUTION_FINISHED
06:25:21.432 (9432139440)|USER_INFO|[EXTERNAL]|005410000028GkS|candidate@829258advdev.com.devbox|Pacific Standard Time|GMT-08:00
06:25:21.432 (9432162417)|EXECUTION_STARTED
06:25:21.432 (9432166790)|CODE_UNIT_STARTED|[EXTERNAL]|01p11000000FzFc|BookOrderPageControllerTest.TestMethodOne
06:25:25.195 (13195254255)|CODE_UNIT_STARTED|[EXTERNAL]|Workflow:Product2
06:25:25.195 (13455784698)|CODE_UNIT_FINISHED|Workflow:Product2
06:25:25.195 (13593784834)|CODE_UNIT_STARTED|[EXTERNAL]|Workflow:Product2
06:25:25.195 (13722948938)|CODE_UNIT_FINISHED|Workflow:Product2
06:25:25.195 (13998104581)|CODE_UNIT_STARTED|[EXTERNAL]|Workflow:Product2
06:25:26.271 (14271556764)|CODE_UNIT_FINISHED|Workflow:Product2
06:25:26.271 (14549390116)|CODE_UNIT_STARTED|[EXTERNAL]|Workflow:Product2
06:25:26.271 (14828122714)|CODE_UNIT_FINISHED|Workflow:Product2
06:25:26.271 (15226474733)|CODE_UNIT_STARTED|[EXTERNAL]|Workflow:Product2
06:25:27.558 (15558511800)|CODE_UNIT_FINISHED|Workflow:Product2
06:25:27.558 (16375760541)|CODE_UNIT_STARTED|[EXTERNAL]|Workflow:Contact
06:25:27.558 (16404660351)|CODE_UNIT_FINISHED|Workflow:Contact
06:25:27.558 (16432791483)|USER_DEBUG|[68]|DEBUG|lstPrd 300
06:25:27.558 (16449969043)|USER_DEBUG|[74]|DEBUG|Test dataBook_Order__c:{Id=a001100000DbFL7AAN, Name=order_2, Contact__c=0031100001FvHuKAAV}
06:25:27.558 (16499136844)|EXCEPTION_THROWN|[93]|System.AssertException: Assertion Failed: Same value: 0
06:25:27.558 (16499394578)|FATAL_ERROR|System.AssertException: Assertion Failed: Same value: 0

Class.BookOrderPageController.addToShoppingCart: line 93, column 1
Class.BookOrderPageControllerTest.TestMethodOne: line 89, column 1
06:25:27.558 (16499404271)|FATAL_ERROR|System.AssertException: Assertion Failed: Same value: 0

Class.BookOrderPageController.addToShoppingCart: line 93, column 1
Class.BookOrderPageControllerTest.TestMethodOne: line 89, column 1
06:25:27.558 (16499415352)|CODE_UNIT_FINISHED|BookOrderPageControllerTest.TestMethodOne
06:25:27.558 (16501567621)|EXECUTION_FINISHED
06:25:29.802 (17802027015)|USER_INFO|[EXTERNAL]|005410000028GkS|candidate@829258advdev.com.devbox|Pacific Standard Time|GMT-08:00
06:25:29.802 (17802041209)|EXECUTION_STARTED
06:25:29.802 (17802045316)|CODE_UNIT_STARTED|[EXTERNAL]|01p11000000FzFc|BookOrderPageControllerTest.TestMethodTwo
06:25:33.400 (21400660143)|CODE_UNIT_STARTED|[EXTERNAL]|Workflow:Product2
06:25:33.400 (21665255503)|CODE_UNIT_FINISHED|Workflow:Product2
06:25:33.400 (21792811086)|CODE_UNIT_STARTED|[EXTERNAL]|Workflow:Product2
06:25:33.400 (21945604639)|CODE_UNIT_FINISHED|Workflow:Product2
06:25:33.400 (22246291369)|CODE_UNIT_STARTED|[EXTERNAL]|Workflow:Product2
06:25:34.494 (22494512398)|CODE_UNIT_FINISHED|Workflow:Product2
06:25:34.494 (22753662707)|CODE_UNIT_STARTED|[EXTERNAL]|Workflow:Product2
06:25:34.494 (23020942084)|CODE_UNIT_FINISHED|Workflow:Product2
06:25:34.494 (23392519386)|CODE_UNIT_STARTED|[EXTERNAL]|Workflow:Product2
06:25:35.689 (23689435921)|CODE_UNIT_FINISHED|Workflow:Product2
06:25:35.689 (24623446931)|CODE_UNIT_STARTED|[EXTERNAL]|Workflow:Contact
06:25:35.689 (24653589421)|CODE_UNIT_FINISHED|Workflow:Contact
06:25:36.933 (24933682806)|EXCEPTION_THROWN|[93]|System.AssertException: Assertion Failed: Same value: 0
06:25:36.933 (24933883085)|FATAL_ERROR|System.AssertException: Assertion Failed: Same value: 0

Class.BookOrderPageController.addToShoppingCart: line 93, column 1
Class.BookOrderPageControllerTest.TestMethodTwo: line 152, column 1
06:25:36.933 (24933892382)|FATAL_ERROR|System.AssertException: Assertion Failed: Same value: 0

Class.BookOrderPageController.addToShoppingCart: line 93, column 1
Class.BookOrderPageControllerTest.TestMethodTwo: line 152, column 1
06:25:36.933 (24933902391)|CODE_UNIT_FINISHED|BookOrderPageControllerTest.TestMethodTwo
06:25:36.933 (24935962360)|EXECUTION_FINISHED
