39.0 APEX_CODE,DEBUG;APEX_PROFILING,NONE;CALLOUT,NONE;DB,NONE;SYSTEM,NONE;VALIDATION,NONE;VISUALFORCE,NONE;WAVE,NONE;WORKFLOW,NONE
06:35:43.1 (1344315)|USER_INFO|[EXTERNAL]|005410000028GkS|candidate@829258advdev.com.devbox|Pacific Standard Time|GMT-08:00
06:35:43.1 (1386540)|EXECUTION_STARTED
06:35:43.1 (1391444)|CODE_UNIT_STARTED|[EXTERNAL]|01p11000000FzFc|BookOrderPageControllerTest.TestMethodFour
06:35:47.374 (4374111572)|CODE_UNIT_STARTED|[EXTERNAL]|Workflow:Product2
06:35:47.374 (4681235532)|CODE_UNIT_FINISHED|Workflow:Product2
06:35:47.374 (4929062232)|CODE_UNIT_STARTED|[EXTERNAL]|Workflow:Product2
06:35:47.374 (5137845289)|CODE_UNIT_FINISHED|Workflow:Product2
06:35:48.590 (5590877925)|CODE_UNIT_STARTED|[EXTERNAL]|Workflow:Product2
06:35:48.590 (5856359832)|CODE_UNIT_FINISHED|Workflow:Product2
06:35:48.590 (6401036629)|CODE_UNIT_STARTED|[EXTERNAL]|Workflow:Product2
06:35:49.696 (6696709155)|CODE_UNIT_FINISHED|Workflow:Product2
06:35:49.696 (7047346648)|CODE_UNIT_STARTED|[EXTERNAL]|Workflow:Product2
06:35:49.696 (7358106944)|CODE_UNIT_FINISHED|Workflow:Product2
06:35:51.885 (8885117989)|EXCEPTION_THROWN|[57]|System.AssertException: Assertion Failed: Expected: null, Actual: 0011100001LcheJAAR
06:35:51.885 (8885412788)|FATAL_ERROR|System.AssertException: Assertion Failed: Expected: null, Actual: 0011100001LcheJAAR

Class.BookOrderPageControllerTest: line 57, column 1
06:35:51.885 (8885423368)|FATAL_ERROR|System.AssertException: Assertion Failed: Expected: null, Actual: 0011100001LcheJAAR

Class.BookOrderPageControllerTest: line 57, column 1
06:35:51.885 (8885433329)|CODE_UNIT_FINISHED|BookOrderPageControllerTest.TestMethodFour
06:35:51.885 (8886854801)|EXECUTION_FINISHED
06:35:53.98 (10098004173)|USER_INFO|[EXTERNAL]|005410000028GkS|candidate@829258advdev.com.devbox|Pacific Standard Time|GMT-08:00
06:35:53.98 (10098022271)|EXECUTION_STARTED
06:35:53.98 (10098027281)|CODE_UNIT_STARTED|[EXTERNAL]|01p11000000FzFc|BookOrderPageControllerTest.TestMethodOne
06:35:56.636 (13636499958)|CODE_UNIT_STARTED|[EXTERNAL]|Workflow:Product2
06:35:56.636 (13892454479)|CODE_UNIT_FINISHED|Workflow:Product2
06:35:56.636 (14029512922)|CODE_UNIT_STARTED|[EXTERNAL]|Workflow:Product2
06:35:56.636 (14171891874)|CODE_UNIT_FINISHED|Workflow:Product2
06:35:56.636 (14462788595)|CODE_UNIT_STARTED|[EXTERNAL]|Workflow:Product2
06:35:57.695 (14695600550)|CODE_UNIT_FINISHED|Workflow:Product2
06:35:57.695 (14944486131)|CODE_UNIT_STARTED|[EXTERNAL]|Workflow:Product2
06:35:57.695 (15229034298)|CODE_UNIT_FINISHED|Workflow:Product2
06:35:57.695 (15558274287)|CODE_UNIT_STARTED|[EXTERNAL]|Workflow:Product2
06:35:58.835 (15835332001)|CODE_UNIT_FINISHED|Workflow:Product2
06:35:58.835 (16676450528)|EXCEPTION_THROWN|[57]|System.AssertException: Assertion Failed: Expected: null, Actual: 0011100001LchpeAAB
06:35:58.835 (16676584454)|FATAL_ERROR|System.AssertException: Assertion Failed: Expected: null, Actual: 0011100001LchpeAAB

Class.BookOrderPageControllerTest: line 57, column 1
06:35:58.835 (16676592937)|FATAL_ERROR|System.AssertException: Assertion Failed: Expected: null, Actual: 0011100001LchpeAAB

Class.BookOrderPageControllerTest: line 57, column 1
06:35:58.835 (16676603737)|CODE_UNIT_FINISHED|BookOrderPageControllerTest.TestMethodOne
06:35:58.835 (16678181876)|EXECUTION_FINISHED
06:36:01.23 (18023617436)|USER_INFO|[EXTERNAL]|005410000028GkS|candidate@829258advdev.com.devbox|Pacific Standard Time|GMT-08:00
06:36:01.23 (18023634000)|EXECUTION_STARTED
06:36:01.23 (18023637369)|CODE_UNIT_STARTED|[EXTERNAL]|01p11000000FzFc|BookOrderPageControllerTest.TestMethodTwo
06:36:04.525 (21525699425)|CODE_UNIT_STARTED|[EXTERNAL]|Workflow:Product2
06:36:04.525 (21828211649)|CODE_UNIT_FINISHED|Workflow:Product2
06:36:04.525 (21974369312)|CODE_UNIT_STARTED|[EXTERNAL]|Workflow:Product2
06:36:04.525 (22129096726)|CODE_UNIT_FINISHED|Workflow:Product2
06:36:04.525 (22441679635)|CODE_UNIT_STARTED|[EXTERNAL]|Workflow:Product2
06:36:05.698 (22698011181)|CODE_UNIT_FINISHED|Workflow:Product2
06:36:05.698 (23012890464)|CODE_UNIT_STARTED|[EXTERNAL]|Workflow:Product2
06:36:05.698 (23291836628)|CODE_UNIT_FINISHED|Workflow:Product2
06:36:05.698 (23612886007)|CODE_UNIT_STARTED|[EXTERNAL]|Workflow:Product2
06:36:06.908 (23908738918)|CODE_UNIT_FINISHED|Workflow:Product2
06:36:06.908 (24745143540)|EXCEPTION_THROWN|[57]|System.AssertException: Assertion Failed: Expected: null, Actual: 0011100001Lci0aAAB
06:36:06.908 (24745306336)|FATAL_ERROR|System.AssertException: Assertion Failed: Expected: null, Actual: 0011100001Lci0aAAB

Class.BookOrderPageControllerTest: line 57, column 1
06:36:06.908 (24745314622)|FATAL_ERROR|System.AssertException: Assertion Failed: Expected: null, Actual: 0011100001Lci0aAAB

Class.BookOrderPageControllerTest: line 57, column 1
06:36:06.908 (24745324426)|CODE_UNIT_FINISHED|BookOrderPageControllerTest.TestMethodTwo
06:36:06.908 (24747085340)|EXECUTION_FINISHED
