39.0 APEX_CODE,DEBUG;APEX_PROFILING,NONE;CALLOUT,NONE;DB,NONE;SYSTEM,NONE;VALIDATION,NONE;VISUALFORCE,NONE;WAVE,NONE;WORKFLOW,NONE
06:54:27.0 (282437)|USER_INFO|[EXTERNAL]|005410000028GkS|candidate@829258advdev.com.devbox|Pacific Standard Time|GMT-08:00
06:54:27.0 (320870)|EXECUTION_STARTED
06:54:27.0 (325487)|CODE_UNIT_STARTED|[EXTERNAL]|01p11000000FzFc|BookOrderPageControllerTest.TestMethodFour
06:54:31.97 (4097726890)|CODE_UNIT_STARTED|[EXTERNAL]|Workflow:Product2
06:54:31.97 (4346186990)|CODE_UNIT_FINISHED|Workflow:Product2
06:54:31.97 (4537508534)|CODE_UNIT_STARTED|[EXTERNAL]|Workflow:Product2
06:54:31.97 (4689421959)|CODE_UNIT_FINISHED|Workflow:Product2
06:54:31.97 (5052128075)|CODE_UNIT_STARTED|[EXTERNAL]|Workflow:Product2
06:54:32.369 (5369619366)|CODE_UNIT_FINISHED|Workflow:Product2
06:54:32.369 (5700557275)|CODE_UNIT_STARTED|[EXTERNAL]|Workflow:Product2
06:54:32.369 (5973807453)|CODE_UNIT_FINISHED|Workflow:Product2
06:54:32.369 (6267630133)|CODE_UNIT_STARTED|[EXTERNAL]|Workflow:Product2
06:54:33.634 (6634177885)|CODE_UNIT_FINISHED|Workflow:Product2
06:54:33.634 (6899644571)|USER_DEBUG|[60]|DEBUG|test_1520
06:54:33.634 (7073988179)|CODE_UNIT_STARTED|[EXTERNAL]|Workflow:Contact
06:54:33.634 (7114374636)|CODE_UNIT_FINISHED|Workflow:Contact
06:54:33.634 (7159172990)|VF_PAGE_MESSAGE|Book Order ID is Missing
06:54:33.634 (7161662900)|CODE_UNIT_FINISHED|BookOrderPageControllerTest.TestMethodFour
06:54:33.634 (7162897300)|EXECUTION_FINISHED
06:54:35.372 (8372890767)|USER_INFO|[EXTERNAL]|005410000028GkS|candidate@829258advdev.com.devbox|Pacific Standard Time|GMT-08:00
06:54:35.372 (8372908638)|EXECUTION_STARTED
06:54:35.372 (8372912726)|CODE_UNIT_STARTED|[EXTERNAL]|01p11000000FzFc|BookOrderPageControllerTest.TestMethodOne
06:54:38.976 (11976844342)|CODE_UNIT_STARTED|[EXTERNAL]|Workflow:Product2
06:54:38.976 (12250223427)|CODE_UNIT_FINISHED|Workflow:Product2
06:54:38.976 (12380387940)|CODE_UNIT_STARTED|[EXTERNAL]|Workflow:Product2
06:54:38.976 (12540993224)|CODE_UNIT_FINISHED|Workflow:Product2
06:54:38.976 (12865104866)|CODE_UNIT_STARTED|[EXTERNAL]|Workflow:Product2
06:54:40.139 (13139237631)|CODE_UNIT_FINISHED|Workflow:Product2
06:54:40.139 (13402304838)|CODE_UNIT_STARTED|[EXTERNAL]|Workflow:Product2
06:54:40.139 (13677571400)|CODE_UNIT_FINISHED|Workflow:Product2
06:54:40.139 (13954229861)|CODE_UNIT_STARTED|[EXTERNAL]|Workflow:Product2
06:54:41.211 (14211501570)|CODE_UNIT_FINISHED|Workflow:Product2
06:54:41.211 (14470745019)|USER_DEBUG|[60]|DEBUG|test_1520
06:54:41.211 (14615678933)|CODE_UNIT_STARTED|[EXTERNAL]|Workflow:Contact
06:54:41.211 (14641231924)|CODE_UNIT_FINISHED|Workflow:Contact
06:54:41.211 (14673273717)|USER_DEBUG|[84]|DEBUG|lstPrd 50
06:54:41.211 (14693272073)|USER_DEBUG|[90]|DEBUG|Test dataBook_Order__c:{Id=a001100000DbFTqAAN, Name=order_2, Contact__c=0031100001FvNBGAA3}
06:54:41.211 (14742181584)|EXCEPTION_THROWN|[84]|System.AssertException: Assertion Failed: Expected: 01t11000006gK6iAAE, Actual: null
06:54:41.211 (14742407305)|FATAL_ERROR|System.AssertException: Assertion Failed: Expected: 01t11000006gK6iAAE, Actual: null

Class.BookOrderPageController.addToShoppingCart: line 84, column 1
Class.BookOrderPageControllerTest.TestMethodOne: line 105, column 1
06:54:41.211 (14742417461)|FATAL_ERROR|System.AssertException: Assertion Failed: Expected: 01t11000006gK6iAAE, Actual: null

Class.BookOrderPageController.addToShoppingCart: line 84, column 1
Class.BookOrderPageControllerTest.TestMethodOne: line 105, column 1
06:54:41.211 (14742427651)|CODE_UNIT_FINISHED|BookOrderPageControllerTest.TestMethodOne
06:54:41.211 (14745449148)|EXECUTION_FINISHED
06:54:43.3 (16003633472)|USER_INFO|[EXTERNAL]|005410000028GkS|candidate@829258advdev.com.devbox|Pacific Standard Time|GMT-08:00
06:54:43.3 (16003646398)|EXECUTION_STARTED
06:54:43.3 (16003649728)|CODE_UNIT_STARTED|[EXTERNAL]|01p11000000FzFc|BookOrderPageControllerTest.TestMethodTwo
06:54:46.452 (19452802277)|CODE_UNIT_STARTED|[EXTERNAL]|Workflow:Product2
06:54:46.452 (19736243512)|CODE_UNIT_FINISHED|Workflow:Product2
06:54:46.452 (19874742379)|CODE_UNIT_STARTED|[EXTERNAL]|Workflow:Product2
06:54:46.452 (20021414818)|CODE_UNIT_FINISHED|Workflow:Product2
06:54:46.452 (20368013331)|CODE_UNIT_STARTED|[EXTERNAL]|Workflow:Product2
06:54:47.678 (20678376628)|CODE_UNIT_FINISHED|Workflow:Product2
06:54:47.678 (20941641014)|CODE_UNIT_STARTED|[EXTERNAL]|Workflow:Product2
06:54:47.678 (21209419343)|CODE_UNIT_FINISHED|Workflow:Product2
06:54:47.678 (21480016252)|CODE_UNIT_STARTED|[EXTERNAL]|Workflow:Product2
06:54:48.786 (21786734930)|CODE_UNIT_FINISHED|Workflow:Product2
06:54:48.786 (22023354348)|USER_DEBUG|[60]|DEBUG|test_1520
06:54:48.786 (22207742151)|CODE_UNIT_STARTED|[EXTERNAL]|Workflow:Contact
06:54:48.786 (22233849610)|CODE_UNIT_FINISHED|Workflow:Contact
06:54:48.786 (22484274010)|EXCEPTION_THROWN|[93]|System.AssertException: Assertion Failed: Same value: 0
06:54:48.786 (22484480604)|FATAL_ERROR|System.AssertException: Assertion Failed: Same value: 0

Class.BookOrderPageController.addToShoppingCart: line 93, column 1
Class.BookOrderPageControllerTest.TestMethodTwo: line 168, column 1
06:54:48.786 (22484490780)|FATAL_ERROR|System.AssertException: Assertion Failed: Same value: 0

Class.BookOrderPageController.addToShoppingCart: line 93, column 1
Class.BookOrderPageControllerTest.TestMethodTwo: line 168, column 1
06:54:48.786 (22484501562)|CODE_UNIT_FINISHED|BookOrderPageControllerTest.TestMethodTwo
06:54:48.786 (22486778309)|EXECUTION_FINISHED
