39.0 APEX_CODE,DEBUG;APEX_PROFILING,NONE;CALLOUT,NONE;DB,NONE;SYSTEM,NONE;VALIDATION,NONE;VISUALFORCE,NONE;WAVE,NONE;WORKFLOW,NONE
06:14:07.0 (890516)|USER_INFO|[EXTERNAL]|005410000028GkS|candidate@829258advdev.com.devbox|Pacific Standard Time|GMT-08:00
06:14:07.0 (940148)|EXECUTION_STARTED
06:14:07.0 (944758)|CODE_UNIT_STARTED|[EXTERNAL]|01p11000000FzFc|BookOrderPageControllerTest.TestMethodFour
06:14:11.109 (4109434308)|CODE_UNIT_STARTED|[EXTERNAL]|Workflow:Product2
06:14:11.109 (4400527419)|CODE_UNIT_FINISHED|Workflow:Product2
06:14:11.109 (4699371473)|CODE_UNIT_STARTED|[EXTERNAL]|Workflow:Product2
06:14:11.109 (4884351403)|CODE_UNIT_FINISHED|Workflow:Product2
06:14:12.263 (5263886595)|CODE_UNIT_STARTED|[EXTERNAL]|Workflow:Product2
06:14:12.263 (5603361170)|CODE_UNIT_FINISHED|Workflow:Product2
06:14:12.263 (5987399274)|CODE_UNIT_STARTED|[EXTERNAL]|Workflow:Product2
06:14:13.273 (6273327573)|CODE_UNIT_FINISHED|Workflow:Product2
06:14:13.273 (6726672532)|CODE_UNIT_STARTED|[EXTERNAL]|Workflow:Product2
06:14:13.273 (7021113812)|CODE_UNIT_FINISHED|Workflow:Product2
06:14:14.800 (7800792121)|CODE_UNIT_STARTED|[EXTERNAL]|Workflow:Contact
06:14:14.800 (7847916649)|CODE_UNIT_FINISHED|Workflow:Contact
06:14:14.800 (7914114990)|VF_PAGE_MESSAGE|Book Order ID is Missing
06:14:14.800 (7916892864)|CODE_UNIT_FINISHED|BookOrderPageControllerTest.TestMethodFour
06:14:14.800 (7918326723)|EXECUTION_FINISHED
06:14:16.208 (9208947552)|USER_INFO|[EXTERNAL]|005410000028GkS|candidate@829258advdev.com.devbox|Pacific Standard Time|GMT-08:00
06:14:16.208 (9208969916)|EXECUTION_STARTED
06:14:16.208 (9208975778)|CODE_UNIT_STARTED|[EXTERNAL]|01p11000000FzFc|BookOrderPageControllerTest.TestMethodOne
06:14:19.648 (12648473631)|CODE_UNIT_STARTED|[EXTERNAL]|Workflow:Product2
06:14:19.648 (12920711795)|CODE_UNIT_FINISHED|Workflow:Product2
06:14:19.648 (13120212278)|CODE_UNIT_STARTED|[EXTERNAL]|Workflow:Product2
06:14:19.648 (13270600633)|CODE_UNIT_FINISHED|Workflow:Product2
06:14:19.648 (13640763788)|CODE_UNIT_STARTED|[EXTERNAL]|Workflow:Product2
06:14:20.899 (13899826318)|CODE_UNIT_FINISHED|Workflow:Product2
06:14:20.899 (14210546007)|CODE_UNIT_STARTED|[EXTERNAL]|Workflow:Product2
06:14:20.899 (14503420596)|CODE_UNIT_FINISHED|Workflow:Product2
06:14:20.899 (14897315426)|CODE_UNIT_STARTED|[EXTERNAL]|Workflow:Product2
06:14:22.191 (15191078806)|CODE_UNIT_FINISHED|Workflow:Product2
06:14:22.191 (15943888435)|CODE_UNIT_STARTED|[EXTERNAL]|Workflow:Contact
06:14:22.191 (15967487228)|CODE_UNIT_FINISHED|Workflow:Contact
06:14:22.191 (15999518088)|USER_DEBUG|[68]|DEBUG|lstPrd 300
06:14:22.191 (16022259127)|USER_DEBUG|[74]|DEBUG|Test dataBook_Order__c:{Id=a001100000DbFC5AAN, Name=order_2, Contact__c=0031100001Fv7PCAAZ}
06:14:22.191 (16069742012)|EXCEPTION_THROWN|[93]|System.AssertException: Assertion Failed: Same value: 0
06:14:22.191 (16070074987)|FATAL_ERROR|System.AssertException: Assertion Failed: Same value: 0

Class.BookOrderPageController.addToShoppingCart: line 93, column 1
Class.BookOrderPageControllerTest.TestMethodOne: line 87, column 1
06:14:22.191 (16070085855)|FATAL_ERROR|System.AssertException: Assertion Failed: Same value: 0

Class.BookOrderPageController.addToShoppingCart: line 93, column 1
Class.BookOrderPageControllerTest.TestMethodOne: line 87, column 1
06:14:22.191 (16070099477)|CODE_UNIT_FINISHED|BookOrderPageControllerTest.TestMethodOne
06:14:22.191 (16072451729)|EXECUTION_FINISHED
06:14:24.231 (17231846602)|USER_INFO|[EXTERNAL]|005410000028GkS|candidate@829258advdev.com.devbox|Pacific Standard Time|GMT-08:00
06:14:24.231 (17231860356)|EXECUTION_STARTED
06:14:24.231 (17231865787)|CODE_UNIT_STARTED|[EXTERNAL]|01p11000000FzFc|BookOrderPageControllerTest.TestMethodTwo
06:14:27.548 (20548372214)|CODE_UNIT_STARTED|[EXTERNAL]|Workflow:Product2
06:14:27.548 (20835531901)|CODE_UNIT_FINISHED|Workflow:Product2
06:14:27.548 (20967287863)|CODE_UNIT_STARTED|[EXTERNAL]|Workflow:Product2
06:14:27.548 (21104767166)|CODE_UNIT_FINISHED|Workflow:Product2
06:14:27.548 (21404900099)|CODE_UNIT_STARTED|[EXTERNAL]|Workflow:Product2
06:14:28.723 (21723743976)|CODE_UNIT_FINISHED|Workflow:Product2
06:14:28.723 (21990823237)|CODE_UNIT_STARTED|[EXTERNAL]|Workflow:Product2
06:14:28.723 (22228927563)|CODE_UNIT_FINISHED|Workflow:Product2
06:14:28.723 (22543722579)|CODE_UNIT_STARTED|[EXTERNAL]|Workflow:Product2
06:14:29.858 (22858604963)|CODE_UNIT_FINISHED|Workflow:Product2
06:14:29.858 (23828705336)|CODE_UNIT_STARTED|[EXTERNAL]|Workflow:Contact
06:14:29.858 (23857461169)|CODE_UNIT_FINISHED|Workflow:Contact
06:14:31.132 (24132241458)|EXCEPTION_THROWN|[93]|System.AssertException: Assertion Failed: Same value: 0
06:14:31.132 (24132533011)|FATAL_ERROR|System.AssertException: Assertion Failed: Same value: 0

Class.BookOrderPageController.addToShoppingCart: line 93, column 1
Class.BookOrderPageControllerTest.TestMethodTwo: line 147, column 1
06:14:31.132 (24132542726)|FATAL_ERROR|System.AssertException: Assertion Failed: Same value: 0

Class.BookOrderPageController.addToShoppingCart: line 93, column 1
Class.BookOrderPageControllerTest.TestMethodTwo: line 147, column 1
06:14:31.132 (24132555240)|CODE_UNIT_FINISHED|BookOrderPageControllerTest.TestMethodTwo
06:14:31.132 (24134610956)|EXECUTION_FINISHED
