39.0 APEX_CODE,DEBUG;APEX_PROFILING,NONE;CALLOUT,NONE;DB,NONE;SYSTEM,NONE;VALIDATION,NONE;VISUALFORCE,NONE;WAVE,NONE;WORKFLOW,NONE
05:48:01.0 (839189)|USER_INFO|[EXTERNAL]|005410000028GkS|candidate@829258advdev.com.devbox|Pacific Standard Time|GMT-08:00
05:48:01.0 (878730)|EXECUTION_STARTED
05:48:01.0 (883086)|CODE_UNIT_STARTED|[EXTERNAL]|01p11000000Fz9e|BookListControllerTest.TestMethodOne
05:48:04.785 (3785809925)|CODE_UNIT_STARTED|[EXTERNAL]|Workflow:Product2
05:48:04.785 (4034937712)|CODE_UNIT_FINISHED|Workflow:Product2
05:48:04.785 (4175043650)|CODE_UNIT_STARTED|[EXTERNAL]|Workflow:Product2
05:48:04.785 (4304795998)|CODE_UNIT_FINISHED|Workflow:Product2
05:48:04.785 (4646001766)|CODE_UNIT_STARTED|[EXTERNAL]|Workflow:Product2
05:48:05.927 (4927296125)|CODE_UNIT_FINISHED|Workflow:Product2
05:48:05.927 (5244208497)|CODE_UNIT_STARTED|[EXTERNAL]|Workflow:Product2
05:48:05.927 (5478534957)|CODE_UNIT_FINISHED|Workflow:Product2
05:48:05.927 (5821693438)|CODE_UNIT_STARTED|[EXTERNAL]|Workflow:Product2
05:48:07.73 (6073671044)|CODE_UNIT_FINISHED|Workflow:Product2
05:48:07.73 (6275722045)|EXCEPTION_THROWN|[64]|System.AssertException: Assertion Failed: Same value: null
05:48:07.73 (6276096135)|FATAL_ERROR|System.AssertException: Assertion Failed: Same value: null

Class.BookListControllerTest: line 64, column 1
05:48:07.73 (6276104745)|FATAL_ERROR|System.AssertException: Assertion Failed: Same value: null

Class.BookListControllerTest: line 64, column 1
05:48:07.73 (6276115670)|CODE_UNIT_FINISHED|BookListControllerTest.TestMethodOne
05:48:07.73 (6277697081)|EXECUTION_FINISHED
