39.0 APEX_CODE,DEBUG;APEX_PROFILING,NONE;CALLOUT,NONE;DB,NONE;SYSTEM,NONE;VALIDATION,NONE;VISUALFORCE,NONE;WAVE,NONE;WORKFLOW,NONE
06:40:17.1 (1098883)|USER_INFO|[EXTERNAL]|005410000028GkS|candidate@829258advdev.com.devbox|Pacific Standard Time|GMT-08:00
06:40:17.1 (1150358)|EXECUTION_STARTED
06:40:17.1 (1155056)|CODE_UNIT_STARTED|[EXTERNAL]|01p11000000FzFc|BookOrderPageControllerTest.TestMethodFour
06:40:21.421 (4421689264)|CODE_UNIT_STARTED|[EXTERNAL]|Workflow:Product2
06:40:21.421 (4704092750)|CODE_UNIT_FINISHED|Workflow:Product2
06:40:21.421 (4999146291)|CODE_UNIT_STARTED|[EXTERNAL]|Workflow:Product2
06:40:21.421 (5197717234)|CODE_UNIT_FINISHED|Workflow:Product2
06:40:22.675 (5675305555)|CODE_UNIT_STARTED|[EXTERNAL]|Workflow:Product2
06:40:22.675 (5955908258)|CODE_UNIT_FINISHED|Workflow:Product2
06:40:22.675 (6537822655)|CODE_UNIT_STARTED|[EXTERNAL]|Workflow:Product2
06:40:23.850 (6850234955)|CODE_UNIT_FINISHED|Workflow:Product2
06:40:23.850 (7307885866)|CODE_UNIT_STARTED|[EXTERNAL]|Workflow:Product2
06:40:23.850 (7602296014)|CODE_UNIT_FINISHED|Workflow:Product2
06:40:25.563 (8563422052)|CODE_UNIT_STARTED|[EXTERNAL]|Workflow:Contact
06:40:25.563 (8602251356)|CODE_UNIT_FINISHED|Workflow:Contact
06:40:25.563 (8653704392)|EXCEPTION_THROWN|[60]|System.AssertException: Assertion Failed: Same value: 0011100001LcimDAAR
06:40:25.563 (8653863690)|FATAL_ERROR|System.AssertException: Assertion Failed: Same value: 0011100001LcimDAAR

Class.BookOrderPageControllerTest: line 60, column 1
06:40:25.563 (8653873457)|FATAL_ERROR|System.AssertException: Assertion Failed: Same value: 0011100001LcimDAAR

Class.BookOrderPageControllerTest: line 60, column 1
06:40:25.563 (8653882081)|CODE_UNIT_FINISHED|BookOrderPageControllerTest.TestMethodFour
06:40:25.563 (8656096781)|EXECUTION_FINISHED
06:40:26.895 (9895564039)|USER_INFO|[EXTERNAL]|005410000028GkS|candidate@829258advdev.com.devbox|Pacific Standard Time|GMT-08:00
06:40:26.895 (9895583591)|EXECUTION_STARTED
06:40:26.895 (9895587475)|CODE_UNIT_STARTED|[EXTERNAL]|01p11000000FzFc|BookOrderPageControllerTest.TestMethodOne
06:40:30.362 (13362186929)|CODE_UNIT_STARTED|[EXTERNAL]|Workflow:Product2
06:40:30.362 (13590311263)|CODE_UNIT_FINISHED|Workflow:Product2
06:40:30.362 (13726679102)|CODE_UNIT_STARTED|[EXTERNAL]|Workflow:Product2
06:40:30.362 (13857689881)|CODE_UNIT_FINISHED|Workflow:Product2
06:40:30.362 (14175490077)|CODE_UNIT_STARTED|[EXTERNAL]|Workflow:Product2
06:40:31.418 (14418002405)|CODE_UNIT_FINISHED|Workflow:Product2
06:40:31.418 (14664200557)|CODE_UNIT_STARTED|[EXTERNAL]|Workflow:Product2
06:40:31.418 (14924698335)|CODE_UNIT_FINISHED|Workflow:Product2
06:40:31.418 (15235288845)|CODE_UNIT_STARTED|[EXTERNAL]|Workflow:Product2
06:40:32.541 (15541778343)|CODE_UNIT_FINISHED|Workflow:Product2
06:40:32.541 (16403119955)|CODE_UNIT_STARTED|[EXTERNAL]|Workflow:Contact
06:40:32.541 (16428418653)|CODE_UNIT_FINISHED|Workflow:Contact
06:40:32.541 (16461386243)|EXCEPTION_THROWN|[60]|System.AssertException: Assertion Failed: Same value: 0011100001LcixVAAR
06:40:32.541 (16461587930)|FATAL_ERROR|System.AssertException: Assertion Failed: Same value: 0011100001LcixVAAR

Class.BookOrderPageControllerTest: line 60, column 1
06:40:32.541 (16461599415)|FATAL_ERROR|System.AssertException: Assertion Failed: Same value: 0011100001LcixVAAR

Class.BookOrderPageControllerTest: line 60, column 1
06:40:32.541 (16461608615)|CODE_UNIT_FINISHED|BookOrderPageControllerTest.TestMethodOne
06:40:32.541 (16463393208)|EXECUTION_FINISHED
06:40:34.687 (17687572091)|USER_INFO|[EXTERNAL]|005410000028GkS|candidate@829258advdev.com.devbox|Pacific Standard Time|GMT-08:00
06:40:34.687 (17687592172)|EXECUTION_STARTED
06:40:34.687 (17687596686)|CODE_UNIT_STARTED|[EXTERNAL]|01p11000000FzFc|BookOrderPageControllerTest.TestMethodTwo
06:40:38.85 (21085353043)|CODE_UNIT_STARTED|[EXTERNAL]|Workflow:Product2
06:40:38.85 (21351651571)|CODE_UNIT_FINISHED|Workflow:Product2
06:40:38.85 (21492350203)|CODE_UNIT_STARTED|[EXTERNAL]|Workflow:Product2
06:40:38.85 (21617912735)|CODE_UNIT_FINISHED|Workflow:Product2
06:40:38.85 (21955118060)|CODE_UNIT_STARTED|[EXTERNAL]|Workflow:Product2
06:40:39.324 (22324185046)|CODE_UNIT_FINISHED|Workflow:Product2
06:40:39.324 (22644361911)|CODE_UNIT_STARTED|[EXTERNAL]|Workflow:Product2
06:40:39.324 (22908000242)|CODE_UNIT_FINISHED|Workflow:Product2
06:40:39.324 (23165226997)|CODE_UNIT_STARTED|[EXTERNAL]|Workflow:Product2
06:40:40.477 (23477833201)|CODE_UNIT_FINISHED|Workflow:Product2
06:40:40.477 (24350136561)|CODE_UNIT_STARTED|[EXTERNAL]|Workflow:Contact
06:40:40.477 (24371926127)|CODE_UNIT_FINISHED|Workflow:Contact
06:40:40.477 (24410893648)|EXCEPTION_THROWN|[60]|System.AssertException: Assertion Failed: Same value: 0011100001Lcj8UAAR
06:40:40.477 (24411038689)|FATAL_ERROR|System.AssertException: Assertion Failed: Same value: 0011100001Lcj8UAAR

Class.BookOrderPageControllerTest: line 60, column 1
06:40:40.477 (24411049049)|FATAL_ERROR|System.AssertException: Assertion Failed: Same value: 0011100001Lcj8UAAR

Class.BookOrderPageControllerTest: line 60, column 1
06:40:40.477 (24411059165)|CODE_UNIT_FINISHED|BookOrderPageControllerTest.TestMethodTwo
06:40:40.477 (24412667307)|EXECUTION_FINISHED
