39.0 APEX_CODE,DEBUG;APEX_PROFILING,NONE;CALLOUT,NONE;DB,NONE;SYSTEM,NONE;VALIDATION,NONE;VISUALFORCE,NONE;WAVE,NONE;WORKFLOW,NONE
06:46:22.0 (828249)|USER_INFO|[EXTERNAL]|005410000028GkS|candidate@829258advdev.com.devbox|Pacific Standard Time|GMT-08:00
06:46:22.0 (870734)|EXECUTION_STARTED
06:46:22.0 (878732)|CODE_UNIT_STARTED|[EXTERNAL]|01p11000000FzFc|BookOrderPageControllerTest.TestMethodFour
06:46:26.135 (4135592297)|CODE_UNIT_STARTED|[EXTERNAL]|Workflow:Product2
06:46:26.135 (4397381048)|CODE_UNIT_FINISHED|Workflow:Product2
06:46:26.135 (4594416675)|CODE_UNIT_STARTED|[EXTERNAL]|Workflow:Product2
06:46:26.135 (4743572890)|CODE_UNIT_FINISHED|Workflow:Product2
06:46:26.135 (5104938034)|CODE_UNIT_STARTED|[EXTERNAL]|Workflow:Product2
06:46:27.387 (5387698012)|CODE_UNIT_FINISHED|Workflow:Product2
06:46:27.387 (5706543264)|CODE_UNIT_STARTED|[EXTERNAL]|Workflow:Product2
06:46:27.387 (6051508575)|CODE_UNIT_FINISHED|Workflow:Product2
06:46:28.404 (6404305398)|CODE_UNIT_STARTED|[EXTERNAL]|Workflow:Product2
06:46:28.404 (6677191961)|CODE_UNIT_FINISHED|Workflow:Product2
06:46:28.404 (7171546527)|EXCEPTION_THROWN|[57]|System.AssertException: Assertion Failed: Same value: null
06:46:28.404 (7171709543)|FATAL_ERROR|System.AssertException: Assertion Failed: Same value: null

Class.BookOrderPageControllerTest: line 57, column 1
06:46:28.404 (7171724880)|FATAL_ERROR|System.AssertException: Assertion Failed: Same value: null

Class.BookOrderPageControllerTest: line 57, column 1
06:46:28.404 (7171736611)|CODE_UNIT_FINISHED|BookOrderPageControllerTest.TestMethodFour
06:46:28.404 (7173568468)|EXECUTION_FINISHED
06:46:30.477 (8477951421)|USER_INFO|[EXTERNAL]|005410000028GkS|candidate@829258advdev.com.devbox|Pacific Standard Time|GMT-08:00
06:46:30.477 (8477970162)|EXECUTION_STARTED
06:46:30.477 (8477973602)|CODE_UNIT_STARTED|[EXTERNAL]|01p11000000FzFc|BookOrderPageControllerTest.TestMethodOne
06:46:33.812 (11812838434)|CODE_UNIT_STARTED|[EXTERNAL]|Workflow:Product2
06:46:33.812 (12130041646)|CODE_UNIT_FINISHED|Workflow:Product2
06:46:33.812 (12263807884)|CODE_UNIT_STARTED|[EXTERNAL]|Workflow:Product2
06:46:33.812 (12417535254)|CODE_UNIT_FINISHED|Workflow:Product2
06:46:33.812 (12728541575)|CODE_UNIT_STARTED|[EXTERNAL]|Workflow:Product2
06:46:35.34 (13034459843)|CODE_UNIT_FINISHED|Workflow:Product2
06:46:35.34 (13324127942)|CODE_UNIT_STARTED|[EXTERNAL]|Workflow:Product2
06:46:35.34 (13580524292)|CODE_UNIT_FINISHED|Workflow:Product2
06:46:35.34 (13900706685)|CODE_UNIT_STARTED|[EXTERNAL]|Workflow:Product2
06:46:36.221 (14221530979)|CODE_UNIT_FINISHED|Workflow:Product2
06:46:36.221 (15079971371)|CODE_UNIT_STARTED|[EXTERNAL]|Workflow:Contact
06:46:36.221 (15124300268)|CODE_UNIT_FINISHED|Workflow:Contact
06:46:36.221 (15202034050)|USER_DEBUG|[62]|DEBUG|test_1520
06:46:36.221 (15202139582)|USER_DEBUG|[72]|DEBUG|lstPrd 300
06:46:37.226 (15226347448)|USER_DEBUG|[78]|DEBUG|Test dataBook_Order__c:{Id=a001100000DbFTQAA3, Name=order_2, Contact__c=0031100001FvNB0AAN}
06:46:37.226 (15297796114)|EXCEPTION_THROWN|[93]|System.AssertException: Assertion Failed: Same value: 0
06:46:37.226 (15297927468)|FATAL_ERROR|System.AssertException: Assertion Failed: Same value: 0

Class.BookOrderPageController.addToShoppingCart: line 93, column 1
Class.BookOrderPageControllerTest.TestMethodOne: line 93, column 1
06:46:37.226 (15297936879)|FATAL_ERROR|System.AssertException: Assertion Failed: Same value: 0

Class.BookOrderPageController.addToShoppingCart: line 93, column 1
Class.BookOrderPageControllerTest.TestMethodOne: line 93, column 1
06:46:37.226 (15297946629)|CODE_UNIT_FINISHED|BookOrderPageControllerTest.TestMethodOne
06:46:37.226 (15299979963)|EXECUTION_FINISHED
06:46:38.572 (16572574176)|USER_INFO|[EXTERNAL]|005410000028GkS|candidate@829258advdev.com.devbox|Pacific Standard Time|GMT-08:00
06:46:38.572 (16572593481)|EXECUTION_STARTED
06:46:38.572 (16572597465)|CODE_UNIT_STARTED|[EXTERNAL]|01p11000000FzFc|BookOrderPageControllerTest.TestMethodTwo
06:46:41.875 (19875623445)|CODE_UNIT_STARTED|[EXTERNAL]|Workflow:Product2
06:46:41.875 (20172336259)|CODE_UNIT_FINISHED|Workflow:Product2
06:46:41.875 (20315227310)|CODE_UNIT_STARTED|[EXTERNAL]|Workflow:Product2
06:46:41.875 (20438385364)|CODE_UNIT_FINISHED|Workflow:Product2
06:46:41.875 (20707289429)|CODE_UNIT_STARTED|[EXTERNAL]|Workflow:Product2
06:46:42.972 (20972671021)|CODE_UNIT_FINISHED|Workflow:Product2
06:46:42.972 (21211351522)|CODE_UNIT_STARTED|[EXTERNAL]|Workflow:Product2
06:46:42.972 (21463256172)|CODE_UNIT_FINISHED|Workflow:Product2
06:46:42.972 (21716863889)|CODE_UNIT_STARTED|[EXTERNAL]|Workflow:Product2
06:46:44.0 (22000395175)|CODE_UNIT_FINISHED|Workflow:Product2
06:46:44.0 (22722650452)|CODE_UNIT_STARTED|[EXTERNAL]|Workflow:Contact
06:46:44.0 (22752035239)|CODE_UNIT_FINISHED|Workflow:Contact
06:46:44.0 (22806541099)|USER_DEBUG|[62]|DEBUG|test_1520
06:46:44.0 (22923560136)|EXCEPTION_THROWN|[93]|System.AssertException: Assertion Failed: Same value: 0
06:46:44.0 (22923695531)|FATAL_ERROR|System.AssertException: Assertion Failed: Same value: 0

Class.BookOrderPageController.addToShoppingCart: line 93, column 1
Class.BookOrderPageControllerTest.TestMethodTwo: line 156, column 1
06:46:44.0 (22923705741)|FATAL_ERROR|System.AssertException: Assertion Failed: Same value: 0

Class.BookOrderPageController.addToShoppingCart: line 93, column 1
Class.BookOrderPageControllerTest.TestMethodTwo: line 156, column 1
06:46:44.0 (22923716597)|CODE_UNIT_FINISHED|BookOrderPageControllerTest.TestMethodTwo
06:46:44.0 (22926046757)|EXECUTION_FINISHED
