39.0 APEX_CODE,DEBUG;APEX_PROFILING,NONE;CALLOUT,NONE;DB,NONE;SYSTEM,NONE;VALIDATION,NONE;VISUALFORCE,NONE;WAVE,NONE;WORKFLOW,NONE
06:24:34.1 (1268663)|USER_INFO|[EXTERNAL]|005410000028GkS|candidate@829258advdev.com.devbox|Pacific Standard Time|GMT-08:00
06:24:34.1 (1308762)|EXECUTION_STARTED
06:24:34.1 (1314540)|CODE_UNIT_STARTED|[EXTERNAL]|01p11000000FzFc|BookOrderPageControllerTest.TestMethodFour
06:24:37.934 (3934570759)|CODE_UNIT_STARTED|[EXTERNAL]|Workflow:Product2
06:24:37.934 (4246757121)|CODE_UNIT_FINISHED|Workflow:Product2
06:24:37.934 (4451733705)|CODE_UNIT_STARTED|[EXTERNAL]|Workflow:Product2
06:24:37.934 (4604881368)|CODE_UNIT_FINISHED|Workflow:Product2
06:24:38.975 (4975412446)|CODE_UNIT_STARTED|[EXTERNAL]|Workflow:Product2
06:24:38.975 (5329675453)|CODE_UNIT_FINISHED|Workflow:Product2
06:24:38.975 (5769102117)|CODE_UNIT_STARTED|[EXTERNAL]|Workflow:Product2
06:24:40.135 (6135962761)|CODE_UNIT_FINISHED|Workflow:Product2
06:24:40.135 (6605785595)|CODE_UNIT_STARTED|[EXTERNAL]|Workflow:Product2
06:24:40.135 (6928285706)|CODE_UNIT_FINISHED|Workflow:Product2
06:24:41.766 (7766098571)|CODE_UNIT_STARTED|[EXTERNAL]|Workflow:Contact
06:24:41.766 (7815097228)|CODE_UNIT_FINISHED|Workflow:Contact
06:24:41.766 (7883712196)|VF_PAGE_MESSAGE|Book Order ID is Missing
06:24:41.766 (7885594686)|CODE_UNIT_FINISHED|BookOrderPageControllerTest.TestMethodFour
06:24:41.766 (7886907808)|EXECUTION_FINISHED
06:24:43.297 (9297987431)|USER_INFO|[EXTERNAL]|005410000028GkS|candidate@829258advdev.com.devbox|Pacific Standard Time|GMT-08:00
06:24:43.297 (9298020760)|EXECUTION_STARTED
06:24:43.297 (9298028717)|CODE_UNIT_STARTED|[EXTERNAL]|01p11000000FzFc|BookOrderPageControllerTest.TestMethodOne
06:24:46.525 (12525109642)|CODE_UNIT_STARTED|[EXTERNAL]|Workflow:Product2
06:24:46.525 (12793230544)|CODE_UNIT_FINISHED|Workflow:Product2
06:24:46.525 (12914869265)|CODE_UNIT_STARTED|[EXTERNAL]|Workflow:Product2
06:24:46.525 (13039167622)|CODE_UNIT_FINISHED|Workflow:Product2
06:24:46.525 (13308477052)|CODE_UNIT_STARTED|[EXTERNAL]|Workflow:Product2
06:24:47.560 (13560945515)|CODE_UNIT_FINISHED|Workflow:Product2
06:24:47.560 (13861315430)|CODE_UNIT_STARTED|[EXTERNAL]|Workflow:Product2
06:24:47.560 (14147252791)|CODE_UNIT_FINISHED|Workflow:Product2
06:24:47.560 (14456423207)|CODE_UNIT_STARTED|[EXTERNAL]|Workflow:Product2
06:24:48.720 (14720525295)|CODE_UNIT_FINISHED|Workflow:Product2
06:24:48.720 (15539876165)|CODE_UNIT_STARTED|[EXTERNAL]|Workflow:Contact
06:24:48.720 (15565332979)|CODE_UNIT_FINISHED|Workflow:Contact
06:24:48.720 (15597469923)|USER_DEBUG|[68]|DEBUG|lstPrd 300
06:24:48.720 (15614229495)|USER_DEBUG|[74]|DEBUG|Test dataBook_Order__c:{Id=a001100000DbFL2AAN, Name=order_2, Contact__c=0031100001FvHu5AAF}
06:24:48.720 (15665700743)|EXCEPTION_THROWN|[93]|System.AssertException: Assertion Failed: Same value: 0
06:24:48.720 (15665949341)|FATAL_ERROR|System.AssertException: Assertion Failed: Same value: 0

Class.BookOrderPageController.addToShoppingCart: line 93, column 1
Class.BookOrderPageControllerTest.TestMethodOne: line 89, column 1
06:24:48.720 (15665959252)|FATAL_ERROR|System.AssertException: Assertion Failed: Same value: 0

Class.BookOrderPageController.addToShoppingCart: line 93, column 1
Class.BookOrderPageControllerTest.TestMethodOne: line 89, column 1
06:24:48.720 (15665971654)|CODE_UNIT_FINISHED|BookOrderPageControllerTest.TestMethodOne
06:24:48.720 (15668342829)|EXECUTION_FINISHED
06:24:50.744 (16744370101)|USER_INFO|[EXTERNAL]|005410000028GkS|candidate@829258advdev.com.devbox|Pacific Standard Time|GMT-08:00
06:24:50.744 (16744387148)|EXECUTION_STARTED
06:24:50.744 (16744392306)|CODE_UNIT_STARTED|[EXTERNAL]|01p11000000FzFc|BookOrderPageControllerTest.TestMethodTwo
06:24:54.268 (20268238697)|CODE_UNIT_STARTED|[EXTERNAL]|Workflow:Product2
06:24:54.268 (20520848105)|CODE_UNIT_FINISHED|Workflow:Product2
06:24:54.268 (20648179650)|CODE_UNIT_STARTED|[EXTERNAL]|Workflow:Product2
06:24:54.268 (20806230450)|CODE_UNIT_FINISHED|Workflow:Product2
06:24:54.268 (21115504129)|CODE_UNIT_STARTED|[EXTERNAL]|Workflow:Product2
06:24:55.395 (21395570468)|CODE_UNIT_FINISHED|Workflow:Product2
06:24:55.395 (21658097797)|CODE_UNIT_STARTED|[EXTERNAL]|Workflow:Product2
06:24:55.395 (21923733768)|CODE_UNIT_FINISHED|Workflow:Product2
06:24:55.395 (22177130813)|CODE_UNIT_STARTED|[EXTERNAL]|Workflow:Product2
06:24:56.434 (22434643415)|CODE_UNIT_FINISHED|Workflow:Product2
06:24:56.434 (23230614197)|CODE_UNIT_STARTED|[EXTERNAL]|Workflow:Contact
06:24:56.434 (23254178019)|CODE_UNIT_FINISHED|Workflow:Contact
06:24:57.514 (23514116769)|EXCEPTION_THROWN|[93]|System.AssertException: Assertion Failed: Same value: 0
06:24:57.514 (23514270599)|FATAL_ERROR|System.AssertException: Assertion Failed: Same value: 0

Class.BookOrderPageController.addToShoppingCart: line 93, column 1
Class.BookOrderPageControllerTest.TestMethodTwo: line 152, column 1
06:24:57.514 (23514280305)|FATAL_ERROR|System.AssertException: Assertion Failed: Same value: 0

Class.BookOrderPageController.addToShoppingCart: line 93, column 1
Class.BookOrderPageControllerTest.TestMethodTwo: line 152, column 1
06:24:57.514 (23514292537)|CODE_UNIT_FINISHED|BookOrderPageControllerTest.TestMethodTwo
06:24:57.514 (23516283371)|EXECUTION_FINISHED
