39.0 APEX_CODE,DEBUG;APEX_PROFILING,NONE;CALLOUT,NONE;DB,NONE;SYSTEM,NONE;VALIDATION,NONE;VISUALFORCE,NONE;WAVE,NONE;WORKFLOW,NONE
05:54:42.1 (1171397)|USER_INFO|[EXTERNAL]|005410000028GkS|candidate@829258advdev.com.devbox|Pacific Standard Time|GMT-08:00
05:54:42.1 (1214409)|EXECUTION_STARTED
05:54:42.1 (1218405)|CODE_UNIT_STARTED|[EXTERNAL]|01p11000000Fz9e|BookListControllerTest.TestMethodOne
05:54:45.369 (3369941528)|CODE_UNIT_STARTED|[EXTERNAL]|Workflow:Product2
05:54:45.369 (3618384979)|CODE_UNIT_FINISHED|Workflow:Product2
05:54:45.369 (3852580418)|CODE_UNIT_STARTED|[EXTERNAL]|Workflow:Product2
05:54:45.369 (4108074528)|CODE_UNIT_FINISHED|Workflow:Product2
05:54:45.369 (4269389157)|CODE_UNIT_STARTED|[EXTERNAL]|Workflow:Product2
05:54:46.433 (4433907640)|CODE_UNIT_FINISHED|Workflow:Product2
05:54:46.433 (4747541678)|CODE_UNIT_STARTED|[EXTERNAL]|Workflow:Product2
05:54:46.433 (5042676747)|CODE_UNIT_FINISHED|Workflow:Product2
05:54:46.433 (5343160118)|CODE_UNIT_STARTED|[EXTERNAL]|Workflow:Product2
05:54:47.646 (5646671302)|CODE_UNIT_FINISHED|Workflow:Product2
05:54:47.646 (6015343849)|CODE_UNIT_STARTED|[EXTERNAL]|Workflow:Product2
05:54:47.646 (6334302468)|CODE_UNIT_FINISHED|Workflow:Product2
05:54:48.804 (6804591700)|CODE_UNIT_STARTED|[EXTERNAL]|Workflow:Product2
05:54:48.804 (7217267790)|CODE_UNIT_FINISHED|Workflow:Product2
05:54:48.804 (7661479981)|CODE_UNIT_STARTED|[EXTERNAL]|Workflow:Product2
05:54:49.933 (7933851216)|CODE_UNIT_FINISHED|Workflow:Product2
05:54:49.933 (8359632435)|CODE_UNIT_STARTED|[EXTERNAL]|Workflow:Product2
05:54:49.933 (8623792821)|CODE_UNIT_FINISHED|Workflow:Product2
05:54:49.933 (8856530330)|EXCEPTION_THROWN|[65]|System.AssertException: Assertion Failed: Same value: null
05:54:49.933 (8856659730)|FATAL_ERROR|System.AssertException: Assertion Failed: Same value: null

Class.BookListControllerTest: line 65, column 1
05:54:49.933 (8856668951)|FATAL_ERROR|System.AssertException: Assertion Failed: Same value: null

Class.BookListControllerTest: line 65, column 1
05:54:49.933 (8856676636)|CODE_UNIT_FINISHED|BookListControllerTest.TestMethodOne
05:54:49.933 (8858921570)|EXECUTION_FINISHED
